[2025-04-07T04:55:54.120+0000] {local_task_job_runner.py:123} INFO - ::group::Pre task execution logs
[2025-04-07T04:55:54.142+0000] {taskinstance.py:2614} INFO - Dependencies all met for dep_context=non-requeueable deps ti=<TaskInstance: Download_Stock_Price.download_prices manual__2025-04-07T04:55:51.104999+00:00 [queued]>
[2025-04-07T04:55:54.149+0000] {taskinstance.py:2614} INFO - Dependencies all met for dep_context=requeueable deps ti=<TaskInstance: Download_Stock_Price.download_prices manual__2025-04-07T04:55:51.104999+00:00 [queued]>
[2025-04-07T04:55:54.149+0000] {taskinstance.py:2867} INFO - Starting attempt 1 of 2
[2025-04-07T04:55:54.160+0000] {taskinstance.py:2890} INFO - Executing <Task(PythonOperator): download_prices> on 2025-04-07 04:55:51.104999+00:00
[2025-04-07T04:55:54.167+0000] {standard_task_runner.py:72} INFO - Started process 101921 to run task
[2025-04-07T04:55:54.171+0000] {standard_task_runner.py:104} INFO - Running: ['airflow', 'tasks', 'run', 'Download_Stock_Price', 'download_prices', 'manual__2025-04-07T04:55:51.104999+00:00', '--job-id', '6', '--raw', '--subdir', 'DAGS_FOLDER/download_stock_price.py', '--cfg-path', '/tmp/tmpuqy_m0_c']
[2025-04-07T04:55:54.172+0000] {standard_task_runner.py:105} INFO - Job 6: Subtask download_prices
[2025-04-07T04:55:54.235+0000] {task_command.py:467} INFO - Running <TaskInstance: Download_Stock_Price.download_prices manual__2025-04-07T04:55:51.104999+00:00 [running]> on host instance-20250307-222520.us-central1-a.c.esoteric-realm-448604-v0.internal
[2025-04-07T04:55:54.328+0000] {taskinstance.py:3134} INFO - Exporting env vars: AIRFLOW_CTX_DAG_EMAIL='airflow@example.com' AIRFLOW_CTX_DAG_OWNER='airflow' AIRFLOW_CTX_DAG_ID='Download_Stock_Price' AIRFLOW_CTX_TASK_ID='download_prices' AIRFLOW_CTX_EXECUTION_DATE='2025-04-07T04:55:51.104999+00:00' AIRFLOW_CTX_TRY_NUMBER='1' AIRFLOW_CTX_DAG_RUN_ID='manual__2025-04-07T04:55:51.104999+00:00'
[2025-04-07T04:55:54.330+0000] {logging_mixin.py:190} INFO - Task instance is in running state
[2025-04-07T04:55:54.330+0000] {logging_mixin.py:190} INFO -  Previous state of the Task instance: queued
[2025-04-07T04:55:54.331+0000] {logging_mixin.py:190} INFO - Current task name:download_prices state:running start_date:2025-04-07 04:55:54.142669+00:00
[2025-04-07T04:55:54.331+0000] {logging_mixin.py:190} INFO - Dag name:Download_Stock_Price and current dag run status:running
[2025-04-07T04:55:54.331+0000] {taskinstance.py:732} INFO - ::endgroup::
[2025-04-07T04:55:55.003+0000] {logging_mixin.py:190} INFO - <class 'pandas.core.frame.DataFrame'>
[2025-04-07T04:55:55.003+0000] {logging_mixin.py:190} INFO - (15922, 7)
[2025-04-07T04:55:55.003+0000] {logging_mixin.py:190} INFO - /
[2025-04-07T04:55:55.214+0000] {logging_mixin.py:190} INFO - Finished downloading price data.IBM
[2025-04-07T04:55:55.662+0000] {logging_mixin.py:190} INFO - <class 'pandas.core.frame.DataFrame'>
[2025-04-07T04:55:55.662+0000] {logging_mixin.py:190} INFO - (15922, 7)
[2025-04-07T04:55:55.662+0000] {logging_mixin.py:190} INFO - /
[2025-04-07T04:55:55.866+0000] {logging_mixin.py:190} INFO - Finished downloading price data.GE
[2025-04-07T04:55:56.111+0000] {logging_mixin.py:190} INFO - <class 'pandas.core.frame.DataFrame'>
[2025-04-07T04:55:56.111+0000] {logging_mixin.py:190} INFO - (9843, 7)
[2025-04-07T04:55:56.112+0000] {logging_mixin.py:190} INFO - /
[2025-04-07T04:55:56.233+0000] {logging_mixin.py:190} INFO - Finished downloading price data.MSFT
[2025-04-07T04:55:56.508+0000] {logging_mixin.py:190} INFO - <class 'pandas.core.frame.DataFrame'>
[2025-04-07T04:55:56.508+0000] {logging_mixin.py:190} INFO - (11169, 7)
[2025-04-07T04:55:56.509+0000] {logging_mixin.py:190} INFO - /
[2025-04-07T04:55:56.652+0000] {logging_mixin.py:190} INFO - Finished downloading price data.AAPL
[2025-04-07T04:55:59.374+0000] {history.py:123} ERROR - $FB: possibly delisted; no timezone found
[2025-04-07T04:55:59.375+0000] {logging_mixin.py:190} INFO - <class 'pandas.core.frame.DataFrame'>
[2025-04-07T04:55:59.375+0000] {logging_mixin.py:190} INFO - (0, 6)
[2025-04-07T04:55:59.376+0000] {logging_mixin.py:190} INFO - /
[2025-04-07T04:55:59.376+0000] {logging_mixin.py:190} INFO - Finished downloading price data.FB
[2025-04-07T04:55:59.376+0000] {python.py:240} INFO - Done. Returned value was: None
[2025-04-07T04:55:59.391+0000] {taskinstance.py:341} INFO - ::group::Post task execution logs
[2025-04-07T04:55:59.392+0000] {taskinstance.py:353} INFO - Marking task as SUCCESS. dag_id=Download_Stock_Price, task_id=download_prices, run_id=manual__2025-04-07T04:55:51.104999+00:00, execution_date=20250407T045551, start_date=20250407T045554, end_date=20250407T045559
[2025-04-07T04:55:59.428+0000] {logging_mixin.py:190} INFO - Task instance in success state
[2025-04-07T04:55:59.428+0000] {logging_mixin.py:190} INFO -  Previous state of the Task instance: running
[2025-04-07T04:55:59.429+0000] {logging_mixin.py:190} INFO - Dag name:Download_Stock_Price queued_at:2025-04-07 04:55:51.131714+00:00
[2025-04-07T04:55:59.429+0000] {logging_mixin.py:190} INFO - Task hostname:instance-20250307-222520.us-central1-a.c.esoteric-realm-448604-v0.internal operator:PythonOperator
[2025-04-07T04:55:59.459+0000] {local_task_job_runner.py:266} INFO - Task exited with return code 0
[2025-04-07T04:55:59.480+0000] {taskinstance.py:3901} INFO - 0 downstream tasks scheduled from follow-on schedule check
[2025-04-07T04:55:59.483+0000] {local_task_job_runner.py:245} INFO - ::endgroup::
