[2025-04-08T17:43:46.315+0000] {local_task_job_runner.py:123} INFO - ::group::Pre task execution logs
[2025-04-08T17:43:46.334+0000] {taskinstance.py:2614} INFO - Dependencies all met for dep_context=non-requeueable deps ti=<TaskInstance: Download_Stock_Price.download_prices manual__2025-04-08T17:43:42.540250+00:00 [queued]>
[2025-04-08T17:43:46.343+0000] {taskinstance.py:2614} INFO - Dependencies all met for dep_context=requeueable deps ti=<TaskInstance: Download_Stock_Price.download_prices manual__2025-04-08T17:43:42.540250+00:00 [queued]>
[2025-04-08T17:43:46.344+0000] {taskinstance.py:2867} INFO - Starting attempt 1 of 2
[2025-04-08T17:43:46.358+0000] {taskinstance.py:2890} INFO - Executing <Task(PythonOperator): download_prices> on 2025-04-08 17:43:42.540250+00:00
[2025-04-08T17:43:46.365+0000] {standard_task_runner.py:72} INFO - Started process 20401 to run task
[2025-04-08T17:43:46.369+0000] {standard_task_runner.py:104} INFO - Running: ['airflow', 'tasks', 'run', 'Download_Stock_Price', 'download_prices', 'manual__2025-04-08T17:43:42.540250+00:00', '--job-id', '27', '--raw', '--subdir', 'DAGS_FOLDER/download_stock_price.py', '--cfg-path', '/tmp/tmpxahm85_z']
[2025-04-08T17:43:46.370+0000] {standard_task_runner.py:105} INFO - Job 27: Subtask download_prices
[2025-04-08T17:43:46.430+0000] {task_command.py:467} INFO - Running <TaskInstance: Download_Stock_Price.download_prices manual__2025-04-08T17:43:42.540250+00:00 [running]> on host instance-20250307-222520.us-central1-a.c.esoteric-realm-448604-v0.internal
[2025-04-08T17:43:46.528+0000] {taskinstance.py:3134} INFO - Exporting env vars: AIRFLOW_CTX_DAG_EMAIL='airflow@example.com' AIRFLOW_CTX_DAG_OWNER='airflow' AIRFLOW_CTX_DAG_ID='Download_Stock_Price' AIRFLOW_CTX_TASK_ID='download_prices' AIRFLOW_CTX_EXECUTION_DATE='2025-04-08T17:43:42.540250+00:00' AIRFLOW_CTX_TRY_NUMBER='1' AIRFLOW_CTX_DAG_RUN_ID='manual__2025-04-08T17:43:42.540250+00:00'
[2025-04-08T17:43:46.529+0000] {logging_mixin.py:190} INFO - Task instance is in running state
[2025-04-08T17:43:46.529+0000] {logging_mixin.py:190} INFO -  Previous state of the Task instance: queued
[2025-04-08T17:43:46.530+0000] {logging_mixin.py:190} INFO - Current task name:download_prices state:running start_date:2025-04-08 17:43:46.334602+00:00
[2025-04-08T17:43:46.530+0000] {logging_mixin.py:190} INFO - Dag name:Download_Stock_Price and current dag run status:running
[2025-04-08T17:43:46.530+0000] {taskinstance.py:732} INFO - ::endgroup::
[2025-04-08T17:43:46.971+0000] {logging_mixin.py:190} INFO - <class 'pandas.core.frame.DataFrame'>
[2025-04-08T17:43:46.971+0000] {logging_mixin.py:190} INFO - 22
[2025-04-08T17:43:46.972+0000] {logging_mixin.py:190} INFO - /
[2025-04-08T17:43:46.976+0000] {logging_mixin.py:190} INFO - Downloaded IBM
[2025-04-08T17:43:47.242+0000] {logging_mixin.py:190} INFO - <class 'pandas.core.frame.DataFrame'>
[2025-04-08T17:43:47.243+0000] {logging_mixin.py:190} INFO - 22
[2025-04-08T17:43:47.243+0000] {logging_mixin.py:190} INFO - /
[2025-04-08T17:43:47.245+0000] {logging_mixin.py:190} INFO - Downloaded GE
[2025-04-08T17:43:47.444+0000] {logging_mixin.py:190} INFO - <class 'pandas.core.frame.DataFrame'>
[2025-04-08T17:43:47.444+0000] {logging_mixin.py:190} INFO - 22
[2025-04-08T17:43:47.444+0000] {logging_mixin.py:190} INFO - /
[2025-04-08T17:43:47.446+0000] {logging_mixin.py:190} INFO - Downloaded AAPL
[2025-04-08T17:43:47.531+0000] {logging_mixin.py:190} INFO - <class 'pandas.core.frame.DataFrame'>
[2025-04-08T17:43:47.531+0000] {logging_mixin.py:190} INFO - 22
[2025-04-08T17:43:47.532+0000] {logging_mixin.py:190} INFO - /
[2025-04-08T17:43:47.535+0000] {logging_mixin.py:190} INFO - Downloaded MSFT
[2025-04-08T17:43:50.260+0000] {history.py:247} ERROR - $FB: possibly delisted; no price data found  (period=1mo) (Yahoo error = "No data found, symbol may be delisted")
[2025-04-08T17:43:50.261+0000] {logging_mixin.py:190} INFO - <class 'pandas.core.frame.DataFrame'>
[2025-04-08T17:43:50.261+0000] {logging_mixin.py:190} INFO - 0
[2025-04-08T17:43:50.262+0000] {logging_mixin.py:190} INFO - /
[2025-04-08T17:43:50.262+0000] {logging_mixin.py:190} INFO - Downloaded FB
[2025-04-08T17:43:50.263+0000] {python.py:240} INFO - Done. Returned value was: None
[2025-04-08T17:43:50.274+0000] {taskinstance.py:341} INFO - ::group::Post task execution logs
[2025-04-08T17:43:50.274+0000] {taskinstance.py:353} INFO - Marking task as SUCCESS. dag_id=Download_Stock_Price, task_id=download_prices, run_id=manual__2025-04-08T17:43:42.540250+00:00, execution_date=20250408T174342, start_date=20250408T174346, end_date=20250408T174350
[2025-04-08T17:43:50.305+0000] {logging_mixin.py:190} INFO - Task instance in success state
[2025-04-08T17:43:50.305+0000] {logging_mixin.py:190} INFO -  Previous state of the Task instance: running
[2025-04-08T17:43:50.306+0000] {logging_mixin.py:190} INFO - Dag name:Download_Stock_Price queued_at:2025-04-08 17:43:42.571288+00:00
[2025-04-08T17:43:50.306+0000] {logging_mixin.py:190} INFO - Task hostname:instance-20250307-222520.us-central1-a.c.esoteric-realm-448604-v0.internal operator:PythonOperator
[2025-04-08T17:43:50.316+0000] {local_task_job_runner.py:266} INFO - Task exited with return code 0
[2025-04-08T17:43:50.337+0000] {taskinstance.py:3901} INFO - 0 downstream tasks scheduled from follow-on schedule check
[2025-04-08T17:43:50.339+0000] {local_task_job_runner.py:245} INFO - ::endgroup::
