[2025-04-08T01:30:13.500+0000] {local_task_job_runner.py:123} INFO - ::group::Pre task execution logs
[2025-04-08T01:30:13.534+0000] {taskinstance.py:2614} INFO - Dependencies all met for dep_context=non-requeueable deps ti=<TaskInstance: Download_Stock_Price.download_prices scheduled__2025-04-07T00:00:00+00:00 [queued]>
[2025-04-08T01:30:13.548+0000] {taskinstance.py:2614} INFO - Dependencies all met for dep_context=requeueable deps ti=<TaskInstance: Download_Stock_Price.download_prices scheduled__2025-04-07T00:00:00+00:00 [queued]>
[2025-04-08T01:30:13.549+0000] {taskinstance.py:2867} INFO - Starting attempt 1 of 2
[2025-04-08T01:30:13.566+0000] {taskinstance.py:2890} INFO - Executing <Task(PythonOperator): download_prices> on 2025-04-07 00:00:00+00:00
[2025-04-08T01:30:13.575+0000] {standard_task_runner.py:72} INFO - Started process 2357 to run task
[2025-04-08T01:30:13.580+0000] {standard_task_runner.py:104} INFO - Running: ['airflow', 'tasks', 'run', 'Download_Stock_Price', 'download_prices', 'scheduled__2025-04-07T00:00:00+00:00', '--job-id', '8', '--raw', '--subdir', 'DAGS_FOLDER/download_stock_price.py', '--cfg-path', '/tmp/tmp2ku3jv7m']
[2025-04-08T01:30:13.583+0000] {standard_task_runner.py:105} INFO - Job 8: Subtask download_prices
[2025-04-08T01:30:13.698+0000] {task_command.py:467} INFO - Running <TaskInstance: Download_Stock_Price.download_prices scheduled__2025-04-07T00:00:00+00:00 [running]> on host instance-20250307-222520.us-central1-a.c.esoteric-realm-448604-v0.internal
[2025-04-08T01:30:13.829+0000] {taskinstance.py:3134} INFO - Exporting env vars: AIRFLOW_CTX_DAG_EMAIL='airflow@example.com' AIRFLOW_CTX_DAG_OWNER='airflow' AIRFLOW_CTX_DAG_ID='Download_Stock_Price' AIRFLOW_CTX_TASK_ID='download_prices' AIRFLOW_CTX_EXECUTION_DATE='2025-04-07T00:00:00+00:00' AIRFLOW_CTX_TRY_NUMBER='1' AIRFLOW_CTX_DAG_RUN_ID='scheduled__2025-04-07T00:00:00+00:00'
[2025-04-08T01:30:13.831+0000] {logging_mixin.py:190} INFO - Task instance is in running state
[2025-04-08T01:30:13.832+0000] {logging_mixin.py:190} INFO -  Previous state of the Task instance: queued
[2025-04-08T01:30:13.832+0000] {logging_mixin.py:190} INFO - Current task name:download_prices state:running start_date:2025-04-08 01:30:13.534869+00:00
[2025-04-08T01:30:13.833+0000] {logging_mixin.py:190} INFO - Dag name:Download_Stock_Price and current dag run status:running
[2025-04-08T01:30:13.833+0000] {taskinstance.py:732} INFO - ::endgroup::
[2025-04-08T01:30:14.849+0000] {logging_mixin.py:190} INFO - <class 'pandas.core.frame.DataFrame'>
[2025-04-08T01:30:14.849+0000] {logging_mixin.py:190} INFO - (15923, 7)
[2025-04-08T01:30:14.849+0000] {logging_mixin.py:190} INFO - /
[2025-04-08T01:30:15.286+0000] {logging_mixin.py:190} INFO - Finished downloading price data.IBM
[2025-04-08T01:30:15.912+0000] {logging_mixin.py:190} INFO - <class 'pandas.core.frame.DataFrame'>
[2025-04-08T01:30:15.912+0000] {logging_mixin.py:190} INFO - (15923, 7)
[2025-04-08T01:30:15.912+0000] {logging_mixin.py:190} INFO - /
[2025-04-08T01:30:16.211+0000] {logging_mixin.py:190} INFO - Finished downloading price data.GE
[2025-04-08T01:30:16.519+0000] {logging_mixin.py:190} INFO - <class 'pandas.core.frame.DataFrame'>
[2025-04-08T01:30:16.520+0000] {logging_mixin.py:190} INFO - (9844, 7)
[2025-04-08T01:30:16.520+0000] {logging_mixin.py:190} INFO - /
[2025-04-08T01:30:16.719+0000] {logging_mixin.py:190} INFO - Finished downloading price data.MSFT
[2025-04-08T01:30:17.090+0000] {logging_mixin.py:190} INFO - <class 'pandas.core.frame.DataFrame'>
[2025-04-08T01:30:17.091+0000] {logging_mixin.py:190} INFO - (11170, 7)
[2025-04-08T01:30:17.091+0000] {logging_mixin.py:190} INFO - /
[2025-04-08T01:30:17.300+0000] {logging_mixin.py:190} INFO - Finished downloading price data.AAPL
[2025-04-08T01:30:18.591+0000] {history.py:123} ERROR - $FB: possibly delisted; no timezone found
[2025-04-08T01:30:18.592+0000] {logging_mixin.py:190} INFO - <class 'pandas.core.frame.DataFrame'>
[2025-04-08T01:30:18.592+0000] {logging_mixin.py:190} INFO - (0, 6)
[2025-04-08T01:30:18.592+0000] {logging_mixin.py:190} INFO - /
[2025-04-08T01:30:18.593+0000] {logging_mixin.py:190} INFO - Finished downloading price data.FB
[2025-04-08T01:30:18.593+0000] {python.py:240} INFO - Done. Returned value was: None
[2025-04-08T01:30:18.614+0000] {taskinstance.py:341} INFO - ::group::Post task execution logs
[2025-04-08T01:30:18.614+0000] {taskinstance.py:353} INFO - Marking task as SUCCESS. dag_id=Download_Stock_Price, task_id=download_prices, run_id=scheduled__2025-04-07T00:00:00+00:00, execution_date=20250407T000000, start_date=20250408T013013, end_date=20250408T013018
[2025-04-08T01:30:18.668+0000] {logging_mixin.py:190} INFO - Task instance in success state
[2025-04-08T01:30:18.668+0000] {logging_mixin.py:190} INFO -  Previous state of the Task instance: running
[2025-04-08T01:30:18.669+0000] {logging_mixin.py:190} INFO - Dag name:Download_Stock_Price queued_at:2025-04-08 01:30:09.625624+00:00
[2025-04-08T01:30:18.669+0000] {logging_mixin.py:190} INFO - Task hostname:instance-20250307-222520.us-central1-a.c.esoteric-realm-448604-v0.internal operator:PythonOperator
[2025-04-08T01:30:18.684+0000] {local_task_job_runner.py:266} INFO - Task exited with return code 0
[2025-04-08T01:30:18.709+0000] {taskinstance.py:3901} INFO - 0 downstream tasks scheduled from follow-on schedule check
[2025-04-08T01:30:18.711+0000] {local_task_job_runner.py:245} INFO - ::endgroup::
[2025-04-08T05:01:04.074+0000] {local_task_job_runner.py:123} INFO - ::group::Pre task execution logs
[2025-04-08T05:01:04.097+0000] {taskinstance.py:2614} INFO - Dependencies all met for dep_context=non-requeueable deps ti=<TaskInstance: Download_Stock_Price.download_prices scheduled__2025-04-07T00:00:00+00:00 [queued]>
[2025-04-08T05:01:04.106+0000] {taskinstance.py:2614} INFO - Dependencies all met for dep_context=requeueable deps ti=<TaskInstance: Download_Stock_Price.download_prices scheduled__2025-04-07T00:00:00+00:00 [queued]>
[2025-04-08T05:01:04.107+0000] {taskinstance.py:2867} INFO - Starting attempt 1 of 2
[2025-04-08T05:01:04.121+0000] {taskinstance.py:2890} INFO - Executing <Task(PythonOperator): download_prices> on 2025-04-07 00:00:00+00:00
[2025-04-08T05:01:04.128+0000] {standard_task_runner.py:72} INFO - Started process 14366 to run task
[2025-04-08T05:01:04.132+0000] {standard_task_runner.py:104} INFO - Running: ['airflow', 'tasks', 'run', 'Download_Stock_Price', 'download_prices', 'scheduled__2025-04-07T00:00:00+00:00', '--job-id', '5', '--raw', '--subdir', 'DAGS_FOLDER/download_stock_price.py', '--cfg-path', '/tmp/tmp1tf71sz3']
[2025-04-08T05:01:04.133+0000] {standard_task_runner.py:105} INFO - Job 5: Subtask download_prices
[2025-04-08T05:01:04.194+0000] {task_command.py:467} INFO - Running <TaskInstance: Download_Stock_Price.download_prices scheduled__2025-04-07T00:00:00+00:00 [running]> on host instance-20250307-222520.us-central1-a.c.esoteric-realm-448604-v0.internal
[2025-04-08T05:01:04.288+0000] {taskinstance.py:3134} INFO - Exporting env vars: AIRFLOW_CTX_DAG_EMAIL='airflow@example.com' AIRFLOW_CTX_DAG_OWNER='airflow' AIRFLOW_CTX_DAG_ID='Download_Stock_Price' AIRFLOW_CTX_TASK_ID='download_prices' AIRFLOW_CTX_EXECUTION_DATE='2025-04-07T00:00:00+00:00' AIRFLOW_CTX_TRY_NUMBER='1' AIRFLOW_CTX_DAG_RUN_ID='scheduled__2025-04-07T00:00:00+00:00'
[2025-04-08T05:01:04.290+0000] {logging_mixin.py:190} INFO - Task instance is in running state
[2025-04-08T05:01:04.290+0000] {logging_mixin.py:190} INFO -  Previous state of the Task instance: queued
[2025-04-08T05:01:04.291+0000] {logging_mixin.py:190} INFO - Current task name:download_prices state:running start_date:2025-04-08 05:01:04.097484+00:00
[2025-04-08T05:01:04.291+0000] {logging_mixin.py:190} INFO - Dag name:Download_Stock_Price and current dag run status:running
[2025-04-08T05:01:04.291+0000] {taskinstance.py:732} INFO - ::endgroup::
[2025-04-08T05:01:04.306+0000] {taskinstance.py:3313} ERROR - Task failed with exception
Traceback (most recent call last):
  File "/home/gloria/airflow_env/lib/python3.12/site-packages/airflow/models/taskinstance.py", line 768, in _execute_task
    result = _execute_callable(context=context, **execute_callable_kwargs)
             ^^^^^^^^^^^^^^^^^^^^^^^^^^^^^^^^^^^^^^^^^^^^^^^^^^^^^^^^^^^^^
  File "/home/gloria/airflow_env/lib/python3.12/site-packages/airflow/models/taskinstance.py", line 734, in _execute_callable
    return ExecutionCallableRunner(
           ^^^^^^^^^^^^^^^^^^^^^^^^
  File "/home/gloria/airflow_env/lib/python3.12/site-packages/airflow/utils/operator_helpers.py", line 252, in run
    return self.func(*args, **kwargs)
           ^^^^^^^^^^^^^^^^^^^^^^^^^^
  File "/home/gloria/airflow_env/lib/python3.12/site-packages/airflow/models/baseoperator.py", line 424, in wrapper
    return func(self, *args, **kwargs)
           ^^^^^^^^^^^^^^^^^^^^^^^^^^^
  File "/home/gloria/airflow_env/lib/python3.12/site-packages/airflow/operators/python.py", line 238, in execute
    return_value = self.execute_callable()
                   ^^^^^^^^^^^^^^^^^^^^^^^
  File "/home/gloria/airflow_env/lib/python3.12/site-packages/airflow/operators/python.py", line 256, in execute_callable
    return runner.run(*self.op_args, **self.op_kwargs)
           ^^^^^^^^^^^^^^^^^^^^^^^^^^^^^^^^^^^^^^^^^^^
  File "/home/gloria/airflow_env/lib/python3.12/site-packages/airflow/utils/operator_helpers.py", line 252, in run
    return self.func(*args, **kwargs)
           ^^^^^^^^^^^^^^^^^^^^^^^^^^
  File "/home/gloria/workspace/airflow/dags/download_stock_price.py", line 73, in download_price
    stock_list_json = Variable.get("stock_list_json", deserialize_json=True)
                     ^^^^^^^^^^^^^^^^^^^^^^^^^^^^^^^^^^^^^^^^^^^^^^^^^^^^^^
  File "/home/gloria/airflow_env/lib/python3.12/site-packages/airflow/models/variable.py", line 145, in get
    raise KeyError(f"Variable {key} does not exist")
KeyError: 'Variable stock_list_json does not exist'
[2025-04-08T05:01:04.331+0000] {logging_mixin.py:190} INFO - Task instance in failure state
[2025-04-08T05:01:04.331+0000] {logging_mixin.py:190} INFO - Task start:2025-04-08 05:01:04.097484+00:00 end:2025-04-08 05:01:04.330362+00:00 duration:0.232878
[2025-04-08T05:01:04.331+0000] {logging_mixin.py:190} INFO - Task:<Task(PythonOperator): download_prices> dag:<DAG: Download_Stock_Price> dagrun:<DagRun Download_Stock_Price @ 2025-04-07 00:00:00+00:00: scheduled__2025-04-07T00:00:00+00:00, state:running, queued_at: 2025-04-08 05:01:01.263595+00:00. externally triggered: False>
[2025-04-08T05:01:04.332+0000] {logging_mixin.py:190} INFO - Failure caused by 'Variable stock_list_json does not exist'
[2025-04-08T05:01:04.332+0000] {taskinstance.py:1226} INFO - Marking task as UP_FOR_RETRY. dag_id=Download_Stock_Price, task_id=download_prices, run_id=scheduled__2025-04-07T00:00:00+00:00, execution_date=20250407T000000, start_date=20250408T050104, end_date=20250408T050104
[2025-04-08T05:01:04.375+0000] {taskinstance.py:341} INFO - ::group::Post task execution logs
[2025-04-08T05:01:04.376+0000] {standard_task_runner.py:124} ERROR - Failed to execute job 5 for task download_prices ('Variable stock_list_json does not exist'; 14366)
Traceback (most recent call last):
  File "/home/gloria/airflow_env/lib/python3.12/site-packages/airflow/task/task_runner/standard_task_runner.py", line 117, in _start_by_fork
    ret = args.func(args, dag=self.dag)
          ^^^^^^^^^^^^^^^^^^^^^^^^^^^^^
  File "/home/gloria/airflow_env/lib/python3.12/site-packages/airflow/cli/cli_config.py", line 49, in command
    return func(*args, **kwargs)
           ^^^^^^^^^^^^^^^^^^^^^
  File "/home/gloria/airflow_env/lib/python3.12/site-packages/airflow/utils/cli.py", line 116, in wrapper
    return f(*args, **kwargs)
           ^^^^^^^^^^^^^^^^^^
  File "/home/gloria/airflow_env/lib/python3.12/site-packages/airflow/cli/commands/task_command.py", line 483, in task_run
    task_return_code = _run_task_by_selected_method(args, _dag, ti)
                       ^^^^^^^^^^^^^^^^^^^^^^^^^^^^^^^^^^^^^^^^^^^^
  File "/home/gloria/airflow_env/lib/python3.12/site-packages/airflow/cli/commands/task_command.py", line 256, in _run_task_by_selected_method
    return _run_raw_task(args, ti)
           ^^^^^^^^^^^^^^^^^^^^^^^
  File "/home/gloria/airflow_env/lib/python3.12/site-packages/airflow/cli/commands/task_command.py", line 341, in _run_raw_task
    return ti._run_raw_task(
           ^^^^^^^^^^^^^^^^^
  File "/home/gloria/airflow_env/lib/python3.12/site-packages/airflow/utils/session.py", line 97, in wrapper
    return func(*args, session=session, **kwargs)
           ^^^^^^^^^^^^^^^^^^^^^^^^^^^^^^^^^^^^^^
  File "/home/gloria/airflow_env/lib/python3.12/site-packages/airflow/models/taskinstance.py", line 3006, in _run_raw_task
    return _run_raw_task(
           ^^^^^^^^^^^^^^
  File "/home/gloria/airflow_env/lib/python3.12/site-packages/airflow/models/taskinstance.py", line 274, in _run_raw_task
    TaskInstance._execute_task_with_callbacks(
  File "/home/gloria/airflow_env/lib/python3.12/site-packages/airflow/models/taskinstance.py", line 3161, in _execute_task_with_callbacks
    result = self._execute_task(context, task_orig)
             ^^^^^^^^^^^^^^^^^^^^^^^^^^^^^^^^^^^^^^
  File "/home/gloria/airflow_env/lib/python3.12/site-packages/airflow/models/taskinstance.py", line 3185, in _execute_task
    return _execute_task(self, context, task_orig)
           ^^^^^^^^^^^^^^^^^^^^^^^^^^^^^^^^^^^^^^^
  File "/home/gloria/airflow_env/lib/python3.12/site-packages/airflow/models/taskinstance.py", line 768, in _execute_task
    result = _execute_callable(context=context, **execute_callable_kwargs)
             ^^^^^^^^^^^^^^^^^^^^^^^^^^^^^^^^^^^^^^^^^^^^^^^^^^^^^^^^^^^^^
  File "/home/gloria/airflow_env/lib/python3.12/site-packages/airflow/models/taskinstance.py", line 734, in _execute_callable
    return ExecutionCallableRunner(
           ^^^^^^^^^^^^^^^^^^^^^^^^
  File "/home/gloria/airflow_env/lib/python3.12/site-packages/airflow/utils/operator_helpers.py", line 252, in run
    return self.func(*args, **kwargs)
           ^^^^^^^^^^^^^^^^^^^^^^^^^^
  File "/home/gloria/airflow_env/lib/python3.12/site-packages/airflow/models/baseoperator.py", line 424, in wrapper
    return func(self, *args, **kwargs)
           ^^^^^^^^^^^^^^^^^^^^^^^^^^^
  File "/home/gloria/airflow_env/lib/python3.12/site-packages/airflow/operators/python.py", line 238, in execute
    return_value = self.execute_callable()
                   ^^^^^^^^^^^^^^^^^^^^^^^
  File "/home/gloria/airflow_env/lib/python3.12/site-packages/airflow/operators/python.py", line 256, in execute_callable
    return runner.run(*self.op_args, **self.op_kwargs)
           ^^^^^^^^^^^^^^^^^^^^^^^^^^^^^^^^^^^^^^^^^^^
  File "/home/gloria/airflow_env/lib/python3.12/site-packages/airflow/utils/operator_helpers.py", line 252, in run
    return self.func(*args, **kwargs)
           ^^^^^^^^^^^^^^^^^^^^^^^^^^
  File "/home/gloria/workspace/airflow/dags/download_stock_price.py", line 73, in download_price
    stock_list_json = Variable.get("stock_list_json", deserialize_json=True)
                     ^^^^^^^^^^^^^^^^^^^^^^^^^^^^^^^^^^^^^^^^^^^^^^^^^^^^^^
  File "/home/gloria/airflow_env/lib/python3.12/site-packages/airflow/models/variable.py", line 145, in get
    raise KeyError(f"Variable {key} does not exist")
KeyError: 'Variable stock_list_json does not exist'
[2025-04-08T05:01:04.426+0000] {local_task_job_runner.py:266} INFO - Task exited with return code 1
[2025-04-08T05:01:04.451+0000] {taskinstance.py:3901} INFO - 0 downstream tasks scheduled from follow-on schedule check
[2025-04-08T05:01:04.453+0000] {local_task_job_runner.py:245} INFO - ::endgroup::
