[2025-04-08T05:06:07.285+0000] {local_task_job_runner.py:123} INFO - ::group::Pre task execution logs
[2025-04-08T05:06:07.308+0000] {taskinstance.py:2614} INFO - Dependencies all met for dep_context=non-requeueable deps ti=<TaskInstance: Download_Stock_Price.download_prices scheduled__2025-04-07T00:00:00+00:00 [queued]>
[2025-04-08T05:06:07.318+0000] {taskinstance.py:2614} INFO - Dependencies all met for dep_context=requeueable deps ti=<TaskInstance: Download_Stock_Price.download_prices scheduled__2025-04-07T00:00:00+00:00 [queued]>
[2025-04-08T05:06:07.318+0000] {taskinstance.py:2867} INFO - Starting attempt 2 of 2
[2025-04-08T05:06:07.333+0000] {taskinstance.py:2890} INFO - Executing <Task(PythonOperator): download_prices> on 2025-04-07 00:00:00+00:00
[2025-04-08T05:06:07.340+0000] {standard_task_runner.py:72} INFO - Started process 15667 to run task
[2025-04-08T05:06:07.344+0000] {standard_task_runner.py:104} INFO - Running: ['airflow', 'tasks', 'run', 'Download_Stock_Price', 'download_prices', 'scheduled__2025-04-07T00:00:00+00:00', '--job-id', '9', '--raw', '--subdir', 'DAGS_FOLDER/download_stock_price.py', '--cfg-path', '/tmp/tmpp5aqaiep']
[2025-04-08T05:06:07.345+0000] {standard_task_runner.py:105} INFO - Job 9: Subtask download_prices
[2025-04-08T05:06:07.409+0000] {task_command.py:467} INFO - Running <TaskInstance: Download_Stock_Price.download_prices scheduled__2025-04-07T00:00:00+00:00 [running]> on host instance-20250307-222520.us-central1-a.c.esoteric-realm-448604-v0.internal
[2025-04-08T05:06:07.499+0000] {taskinstance.py:3134} INFO - Exporting env vars: AIRFLOW_CTX_DAG_EMAIL='airflow@example.com' AIRFLOW_CTX_DAG_OWNER='airflow' AIRFLOW_CTX_DAG_ID='Download_Stock_Price' AIRFLOW_CTX_TASK_ID='download_prices' AIRFLOW_CTX_EXECUTION_DATE='2025-04-07T00:00:00+00:00' AIRFLOW_CTX_TRY_NUMBER='2' AIRFLOW_CTX_DAG_RUN_ID='scheduled__2025-04-07T00:00:00+00:00'
[2025-04-08T05:06:07.500+0000] {logging_mixin.py:190} INFO - Task instance is in running state
[2025-04-08T05:06:07.501+0000] {logging_mixin.py:190} INFO -  Previous state of the Task instance: queued
[2025-04-08T05:06:07.501+0000] {logging_mixin.py:190} INFO - Current task name:download_prices state:running start_date:2025-04-08 05:06:07.308653+00:00
[2025-04-08T05:06:07.501+0000] {logging_mixin.py:190} INFO - Dag name:Download_Stock_Price and current dag run status:running
[2025-04-08T05:06:07.502+0000] {taskinstance.py:732} INFO - ::endgroup::
[2025-04-08T05:06:07.993+0000] {logging_mixin.py:190} INFO - <class 'pandas.core.frame.DataFrame'>
[2025-04-08T05:06:07.993+0000] {logging_mixin.py:190} INFO - 21
[2025-04-08T05:06:07.993+0000] {logging_mixin.py:190} INFO - /
[2025-04-08T05:06:07.998+0000] {logging_mixin.py:190} INFO - Downloaded IBM
[2025-04-08T05:06:08.224+0000] {logging_mixin.py:190} INFO - <class 'pandas.core.frame.DataFrame'>
[2025-04-08T05:06:08.225+0000] {logging_mixin.py:190} INFO - 21
[2025-04-08T05:06:08.225+0000] {logging_mixin.py:190} INFO - /
[2025-04-08T05:06:08.227+0000] {logging_mixin.py:190} INFO - Downloaded GE
[2025-04-08T05:06:08.367+0000] {logging_mixin.py:190} INFO - <class 'pandas.core.frame.DataFrame'>
[2025-04-08T05:06:08.367+0000] {logging_mixin.py:190} INFO - 21
[2025-04-08T05:06:08.368+0000] {logging_mixin.py:190} INFO - /
[2025-04-08T05:06:08.369+0000] {logging_mixin.py:190} INFO - Downloaded AAPL
[2025-04-08T05:06:08.505+0000] {logging_mixin.py:190} INFO - <class 'pandas.core.frame.DataFrame'>
[2025-04-08T05:06:08.506+0000] {logging_mixin.py:190} INFO - 21
[2025-04-08T05:06:08.506+0000] {logging_mixin.py:190} INFO - /
[2025-04-08T05:06:08.507+0000] {logging_mixin.py:190} INFO - Downloaded MSFT
[2025-04-08T05:06:10.796+0000] {history.py:247} ERROR - $FB: possibly delisted; no price data found  (period=1mo) (Yahoo error = "No data found, symbol may be delisted")
[2025-04-08T05:06:10.796+0000] {logging_mixin.py:190} INFO - <class 'pandas.core.frame.DataFrame'>
[2025-04-08T05:06:10.797+0000] {logging_mixin.py:190} INFO - 0
[2025-04-08T05:06:10.797+0000] {logging_mixin.py:190} INFO - /
[2025-04-08T05:06:10.798+0000] {logging_mixin.py:190} INFO - Downloaded FB
[2025-04-08T05:06:10.798+0000] {python.py:240} INFO - Done. Returned value was: None
[2025-04-08T05:06:10.810+0000] {taskinstance.py:341} INFO - ::group::Post task execution logs
[2025-04-08T05:06:10.811+0000] {taskinstance.py:353} INFO - Marking task as SUCCESS. dag_id=Download_Stock_Price, task_id=download_prices, run_id=scheduled__2025-04-07T00:00:00+00:00, execution_date=20250407T000000, start_date=20250408T050607, end_date=20250408T050610
[2025-04-08T05:06:10.840+0000] {logging_mixin.py:190} INFO - Task instance in success state
[2025-04-08T05:06:10.840+0000] {logging_mixin.py:190} INFO -  Previous state of the Task instance: running
[2025-04-08T05:06:10.840+0000] {logging_mixin.py:190} INFO - Dag name:Download_Stock_Price queued_at:2025-04-08 05:01:01.263595+00:00
[2025-04-08T05:06:10.841+0000] {logging_mixin.py:190} INFO - Task hostname:instance-20250307-222520.us-central1-a.c.esoteric-realm-448604-v0.internal operator:PythonOperator
[2025-04-08T05:06:10.851+0000] {local_task_job_runner.py:266} INFO - Task exited with return code 0
[2025-04-08T05:06:10.872+0000] {taskinstance.py:3901} INFO - 0 downstream tasks scheduled from follow-on schedule check
[2025-04-08T05:06:10.875+0000] {local_task_job_runner.py:245} INFO - ::endgroup::
