[2025-04-07T02:42:37.248+0000] {local_task_job_runner.py:123} INFO - ::group::Pre task execution logs
[2025-04-07T02:42:37.258+0000] {taskinstance.py:2614} INFO - Dependencies all met for dep_context=non-requeueable deps ti=<TaskInstance: Download_Stock_Price.download_prices manual__2025-04-07T02:42:29.620888+00:00 [queued]>
[2025-04-07T02:42:37.262+0000] {taskinstance.py:2614} INFO - Dependencies all met for dep_context=requeueable deps ti=<TaskInstance: Download_Stock_Price.download_prices manual__2025-04-07T02:42:29.620888+00:00 [queued]>
[2025-04-07T02:42:37.263+0000] {taskinstance.py:2867} INFO - Starting attempt 1 of 2
[2025-04-07T02:42:37.278+0000] {taskinstance.py:2890} INFO - Executing <Task(PythonOperator): download_prices> on 2025-04-07 02:42:29.620888+00:00
[2025-04-07T02:42:37.290+0000] {standard_task_runner.py:104} INFO - Running: ['airflow', 'tasks', 'run', 'Download_Stock_Price', 'download_prices', 'manual__2025-04-07T02:42:29.620888+00:00', '--job-id', '4', '--raw', '--subdir', 'DAGS_FOLDER/download_stock_price.py', '--cfg-path', '/tmp/tmp93gxlnqm']
[2025-04-07T02:42:37.291+0000] {standard_task_runner.py:105} INFO - Job 4: Subtask download_prices
[2025-04-07T02:42:37.293+0000] {logging_mixin.py:190} WARNING - /home/gloria/anaconda3/lib/python3.12/site-packages/airflow/task/task_runner/standard_task_runner.py:70 DeprecationWarning: This process (pid=78350) is multi-threaded, use of fork() may lead to deadlocks in the child.
[2025-04-07T02:42:37.294+0000] {standard_task_runner.py:72} INFO - Started process 78359 to run task
[2025-04-07T02:42:37.325+0000] {task_command.py:467} INFO - Running <TaskInstance: Download_Stock_Price.download_prices manual__2025-04-07T02:42:29.620888+00:00 [running]> on host instance-20250307-222520.us-central1-a.c.esoteric-realm-448604-v0.internal
[2025-04-07T02:42:37.550+0000] {taskinstance.py:3134} INFO - Exporting env vars: AIRFLOW_CTX_DAG_EMAIL='airflow@example.com' AIRFLOW_CTX_DAG_OWNER='airflow' AIRFLOW_CTX_DAG_ID='Download_Stock_Price' AIRFLOW_CTX_TASK_ID='download_prices' AIRFLOW_CTX_EXECUTION_DATE='2025-04-07T02:42:29.620888+00:00' AIRFLOW_CTX_TRY_NUMBER='1' AIRFLOW_CTX_DAG_RUN_ID='manual__2025-04-07T02:42:29.620888+00:00'
[2025-04-07T02:42:37.551+0000] {logging_mixin.py:190} INFO - Task instance is in running state
[2025-04-07T02:42:37.551+0000] {logging_mixin.py:190} INFO -  Previous state of the Task instance: queued
[2025-04-07T02:42:37.551+0000] {logging_mixin.py:190} INFO - Current task name:download_prices state:running start_date:2025-04-07 02:42:37.258762+00:00
[2025-04-07T02:42:37.551+0000] {logging_mixin.py:190} INFO - Dag name:Download_Stock_Price and current dag run status:running
[2025-04-07T02:42:37.551+0000] {taskinstance.py:732} INFO - ::endgroup::
[2025-04-07T02:42:37.983+0000] {logging_mixin.py:190} INFO - <class 'pandas.core.frame.DataFrame'>
[2025-04-07T02:42:37.983+0000] {logging_mixin.py:190} INFO - (9843, 7)
[2025-04-07T02:42:37.993+0000] {logging_mixin.py:190} INFO -                                  Open        High  ...  Dividends  Stock Splits
Date                                               ...                         
1986-03-13 00:00:00-05:00    0.054376    0.062373  ...        0.0           0.0
1986-03-14 00:00:00-05:00    0.059707    0.062906  ...        0.0           0.0
1986-03-17 00:00:00-05:00    0.061839    0.063439  ...        0.0           0.0
1986-03-18 00:00:00-05:00    0.062906    0.063439  ...        0.0           0.0
1986-03-19 00:00:00-05:00    0.061306    0.061839  ...        0.0           0.0
...                               ...         ...  ...        ...           ...
2025-03-31 00:00:00-04:00  372.540009  377.070007  ...        0.0           0.0
2025-04-01 00:00:00-04:00  374.649994  382.850006  ...        0.0           0.0
2025-04-02 00:00:00-04:00  377.970001  385.079987  ...        0.0           0.0
2025-04-03 00:00:00-04:00  374.790009  377.480011  ...        0.0           0.0
2025-04-04 00:00:00-04:00  364.130005  374.589996  ...        0.0           0.0

[9843 rows x 7 columns]
[2025-04-07T02:42:37.993+0000] {python.py:240} INFO - Done. Returned value was: None
[2025-04-07T02:42:37.998+0000] {taskinstance.py:341} INFO - ::group::Post task execution logs
[2025-04-07T02:42:37.999+0000] {taskinstance.py:353} INFO - Marking task as SUCCESS. dag_id=Download_Stock_Price, task_id=download_prices, run_id=manual__2025-04-07T02:42:29.620888+00:00, execution_date=20250407T024229, start_date=20250407T024237, end_date=20250407T024237
[2025-04-07T02:42:38.022+0000] {logging_mixin.py:190} INFO - Task instance in success state
[2025-04-07T02:42:38.022+0000] {logging_mixin.py:190} INFO -  Previous state of the Task instance: running
[2025-04-07T02:42:38.023+0000] {logging_mixin.py:190} INFO - Dag name:Download_Stock_Price queued_at:2025-04-07 02:42:29.646843+00:00
[2025-04-07T02:42:38.023+0000] {logging_mixin.py:190} INFO - Task hostname:instance-20250307-222520.us-central1-a.c.esoteric-realm-448604-v0.internal operator:PythonOperator
[2025-04-07T02:42:38.072+0000] {local_task_job_runner.py:266} INFO - Task exited with return code 0
[2025-04-07T02:42:38.082+0000] {taskinstance.py:3901} INFO - 0 downstream tasks scheduled from follow-on schedule check
[2025-04-07T02:42:38.083+0000] {local_task_job_runner.py:245} INFO - ::endgroup::
