[2025-04-08T05:11:51.213+0000] {local_task_job_runner.py:123} INFO - ::group::Pre task execution logs
[2025-04-08T05:11:51.236+0000] {taskinstance.py:2614} INFO - Dependencies all met for dep_context=non-requeueable deps ti=<TaskInstance: Download_Stock_Price.download_prices manual__2025-04-08T05:11:48.193947+00:00 [queued]>
[2025-04-08T05:11:51.246+0000] {taskinstance.py:2614} INFO - Dependencies all met for dep_context=requeueable deps ti=<TaskInstance: Download_Stock_Price.download_prices manual__2025-04-08T05:11:48.193947+00:00 [queued]>
[2025-04-08T05:11:51.246+0000] {taskinstance.py:2867} INFO - Starting attempt 1 of 2
[2025-04-08T05:11:51.261+0000] {taskinstance.py:2890} INFO - Executing <Task(PythonOperator): download_prices> on 2025-04-08 05:11:48.193947+00:00
[2025-04-08T05:11:51.267+0000] {standard_task_runner.py:72} INFO - Started process 17663 to run task
[2025-04-08T05:11:51.271+0000] {standard_task_runner.py:104} INFO - Running: ['airflow', 'tasks', 'run', 'Download_Stock_Price', 'download_prices', 'manual__2025-04-08T05:11:48.193947+00:00', '--job-id', '15', '--raw', '--subdir', 'DAGS_FOLDER/download_stock_price.py', '--cfg-path', '/tmp/tmprnbj2mu8']
[2025-04-08T05:11:51.273+0000] {standard_task_runner.py:105} INFO - Job 15: Subtask download_prices
[2025-04-08T05:11:51.334+0000] {task_command.py:467} INFO - Running <TaskInstance: Download_Stock_Price.download_prices manual__2025-04-08T05:11:48.193947+00:00 [running]> on host instance-20250307-222520.us-central1-a.c.esoteric-realm-448604-v0.internal
[2025-04-08T05:11:51.436+0000] {taskinstance.py:3134} INFO - Exporting env vars: AIRFLOW_CTX_DAG_EMAIL='airflow@example.com' AIRFLOW_CTX_DAG_OWNER='airflow' AIRFLOW_CTX_DAG_ID='Download_Stock_Price' AIRFLOW_CTX_TASK_ID='download_prices' AIRFLOW_CTX_EXECUTION_DATE='2025-04-08T05:11:48.193947+00:00' AIRFLOW_CTX_TRY_NUMBER='1' AIRFLOW_CTX_DAG_RUN_ID='manual__2025-04-08T05:11:48.193947+00:00'
[2025-04-08T05:11:51.438+0000] {logging_mixin.py:190} INFO - Task instance is in running state
[2025-04-08T05:11:51.439+0000] {logging_mixin.py:190} INFO -  Previous state of the Task instance: queued
[2025-04-08T05:11:51.439+0000] {logging_mixin.py:190} INFO - Current task name:download_prices state:running start_date:2025-04-08 05:11:51.236559+00:00
[2025-04-08T05:11:51.440+0000] {logging_mixin.py:190} INFO - Dag name:Download_Stock_Price and current dag run status:running
[2025-04-08T05:11:51.440+0000] {taskinstance.py:732} INFO - ::endgroup::
[2025-04-08T05:11:51.810+0000] {logging_mixin.py:190} INFO - <class 'pandas.core.frame.DataFrame'>
[2025-04-08T05:11:51.810+0000] {logging_mixin.py:190} INFO - 21
[2025-04-08T05:11:51.811+0000] {logging_mixin.py:190} INFO - /
[2025-04-08T05:11:51.814+0000] {logging_mixin.py:190} INFO - Downloaded IBM
[2025-04-08T05:11:51.969+0000] {logging_mixin.py:190} INFO - <class 'pandas.core.frame.DataFrame'>
[2025-04-08T05:11:51.970+0000] {logging_mixin.py:190} INFO - 21
[2025-04-08T05:11:51.970+0000] {logging_mixin.py:190} INFO - /
[2025-04-08T05:11:51.971+0000] {logging_mixin.py:190} INFO - Downloaded GE
[2025-04-08T05:11:52.058+0000] {logging_mixin.py:190} INFO - <class 'pandas.core.frame.DataFrame'>
[2025-04-08T05:11:52.058+0000] {logging_mixin.py:190} INFO - 21
[2025-04-08T05:11:52.058+0000] {logging_mixin.py:190} INFO - /
[2025-04-08T05:11:52.060+0000] {logging_mixin.py:190} INFO - Downloaded AAPL
[2025-04-08T05:11:52.144+0000] {logging_mixin.py:190} INFO - <class 'pandas.core.frame.DataFrame'>
[2025-04-08T05:11:52.145+0000] {logging_mixin.py:190} INFO - 21
[2025-04-08T05:11:52.145+0000] {logging_mixin.py:190} INFO - /
[2025-04-08T05:11:52.146+0000] {logging_mixin.py:190} INFO - Downloaded MSFT
[2025-04-08T05:11:53.951+0000] {history.py:247} ERROR - $FB: possibly delisted; no price data found  (period=1mo) (Yahoo error = "No data found, symbol may be delisted")
[2025-04-08T05:11:53.952+0000] {logging_mixin.py:190} INFO - <class 'pandas.core.frame.DataFrame'>
[2025-04-08T05:11:53.952+0000] {logging_mixin.py:190} INFO - 0
[2025-04-08T05:11:53.952+0000] {logging_mixin.py:190} INFO - /
[2025-04-08T05:11:53.953+0000] {logging_mixin.py:190} INFO - Downloaded FB
[2025-04-08T05:11:53.953+0000] {python.py:240} INFO - Done. Returned value was: None
[2025-04-08T05:11:53.964+0000] {taskinstance.py:341} INFO - ::group::Post task execution logs
[2025-04-08T05:11:53.965+0000] {taskinstance.py:353} INFO - Marking task as SUCCESS. dag_id=Download_Stock_Price, task_id=download_prices, run_id=manual__2025-04-08T05:11:48.193947+00:00, execution_date=20250408T051148, start_date=20250408T051151, end_date=20250408T051153
[2025-04-08T05:11:53.994+0000] {logging_mixin.py:190} INFO - Task instance in success state
[2025-04-08T05:11:53.994+0000] {logging_mixin.py:190} INFO -  Previous state of the Task instance: running
[2025-04-08T05:11:53.995+0000] {logging_mixin.py:190} INFO - Dag name:Download_Stock_Price queued_at:2025-04-08 05:11:48.211477+00:00
[2025-04-08T05:11:53.995+0000] {logging_mixin.py:190} INFO - Task hostname:instance-20250307-222520.us-central1-a.c.esoteric-realm-448604-v0.internal operator:PythonOperator
[2025-04-08T05:11:54.015+0000] {local_task_job_runner.py:266} INFO - Task exited with return code 0
[2025-04-08T05:11:54.036+0000] {taskinstance.py:3901} INFO - 0 downstream tasks scheduled from follow-on schedule check
[2025-04-08T05:11:54.038+0000] {local_task_job_runner.py:245} INFO - ::endgroup::
