[2025-04-08T17:23:50.129+0000] {local_task_job_runner.py:123} INFO - ::group::Pre task execution logs
[2025-04-08T17:23:50.153+0000] {taskinstance.py:2614} INFO - Dependencies all met for dep_context=non-requeueable deps ti=<TaskInstance: Download_Stock_Price.download_prices manual__2025-04-08T17:23:46.672960+00:00 [queued]>
[2025-04-08T17:23:50.164+0000] {taskinstance.py:2614} INFO - Dependencies all met for dep_context=requeueable deps ti=<TaskInstance: Download_Stock_Price.download_prices manual__2025-04-08T17:23:46.672960+00:00 [queued]>
[2025-04-08T17:23:50.165+0000] {taskinstance.py:2867} INFO - Starting attempt 1 of 2
[2025-04-08T17:23:50.181+0000] {taskinstance.py:2890} INFO - Executing <Task(PythonOperator): download_prices> on 2025-04-08 17:23:46.672960+00:00
[2025-04-08T17:23:50.187+0000] {standard_task_runner.py:72} INFO - Started process 12847 to run task
[2025-04-08T17:23:50.192+0000] {standard_task_runner.py:104} INFO - Running: ['airflow', 'tasks', 'run', 'Download_Stock_Price', 'download_prices', 'manual__2025-04-08T17:23:46.672960+00:00', '--job-id', '20', '--raw', '--subdir', 'DAGS_FOLDER/download_stock_price.py', '--cfg-path', '/tmp/tmpank_vwae']
[2025-04-08T17:23:50.193+0000] {standard_task_runner.py:105} INFO - Job 20: Subtask download_prices
[2025-04-08T17:23:50.257+0000] {task_command.py:467} INFO - Running <TaskInstance: Download_Stock_Price.download_prices manual__2025-04-08T17:23:46.672960+00:00 [running]> on host instance-20250307-222520.us-central1-a.c.esoteric-realm-448604-v0.internal
[2025-04-08T17:23:50.352+0000] {taskinstance.py:3134} INFO - Exporting env vars: AIRFLOW_CTX_DAG_EMAIL='airflow@example.com' AIRFLOW_CTX_DAG_OWNER='airflow' AIRFLOW_CTX_DAG_ID='Download_Stock_Price' AIRFLOW_CTX_TASK_ID='download_prices' AIRFLOW_CTX_EXECUTION_DATE='2025-04-08T17:23:46.672960+00:00' AIRFLOW_CTX_TRY_NUMBER='1' AIRFLOW_CTX_DAG_RUN_ID='manual__2025-04-08T17:23:46.672960+00:00'
[2025-04-08T17:23:50.353+0000] {logging_mixin.py:190} INFO - Task instance is in running state
[2025-04-08T17:23:50.354+0000] {logging_mixin.py:190} INFO -  Previous state of the Task instance: queued
[2025-04-08T17:23:50.354+0000] {logging_mixin.py:190} INFO - Current task name:download_prices state:running start_date:2025-04-08 17:23:50.154419+00:00
[2025-04-08T17:23:50.354+0000] {logging_mixin.py:190} INFO - Dag name:Download_Stock_Price and current dag run status:running
[2025-04-08T17:23:50.354+0000] {taskinstance.py:732} INFO - ::endgroup::
[2025-04-08T17:23:50.821+0000] {logging_mixin.py:190} INFO - <class 'pandas.core.frame.DataFrame'>
[2025-04-08T17:23:50.821+0000] {logging_mixin.py:190} INFO - 22
[2025-04-08T17:23:50.822+0000] {logging_mixin.py:190} INFO - /
[2025-04-08T17:23:50.827+0000] {logging_mixin.py:190} INFO - Downloaded IBM
[2025-04-08T17:23:50.954+0000] {logging_mixin.py:190} INFO - <class 'pandas.core.frame.DataFrame'>
[2025-04-08T17:23:50.955+0000] {logging_mixin.py:190} INFO - 22
[2025-04-08T17:23:50.955+0000] {logging_mixin.py:190} INFO - /
[2025-04-08T17:23:50.958+0000] {logging_mixin.py:190} INFO - Downloaded GE
[2025-04-08T17:23:51.156+0000] {logging_mixin.py:190} INFO - <class 'pandas.core.frame.DataFrame'>
[2025-04-08T17:23:51.157+0000] {logging_mixin.py:190} INFO - 22
[2025-04-08T17:23:51.157+0000] {logging_mixin.py:190} INFO - /
[2025-04-08T17:23:51.159+0000] {logging_mixin.py:190} INFO - Downloaded AAPL
[2025-04-08T17:23:51.250+0000] {logging_mixin.py:190} INFO - <class 'pandas.core.frame.DataFrame'>
[2025-04-08T17:23:51.251+0000] {logging_mixin.py:190} INFO - 22
[2025-04-08T17:23:51.251+0000] {logging_mixin.py:190} INFO - /
[2025-04-08T17:23:51.252+0000] {logging_mixin.py:190} INFO - Downloaded MSFT
[2025-04-08T17:23:53.640+0000] {history.py:247} ERROR - $FB: possibly delisted; no price data found  (period=1mo) (Yahoo error = "No data found, symbol may be delisted")
[2025-04-08T17:23:53.641+0000] {logging_mixin.py:190} INFO - <class 'pandas.core.frame.DataFrame'>
[2025-04-08T17:23:53.641+0000] {logging_mixin.py:190} INFO - 0
[2025-04-08T17:23:53.642+0000] {logging_mixin.py:190} INFO - /
[2025-04-08T17:23:53.642+0000] {logging_mixin.py:190} INFO - Downloaded FB
[2025-04-08T17:23:53.643+0000] {python.py:240} INFO - Done. Returned value was: None
[2025-04-08T17:23:53.655+0000] {taskinstance.py:341} INFO - ::group::Post task execution logs
[2025-04-08T17:23:53.656+0000] {taskinstance.py:353} INFO - Marking task as SUCCESS. dag_id=Download_Stock_Price, task_id=download_prices, run_id=manual__2025-04-08T17:23:46.672960+00:00, execution_date=20250408T172346, start_date=20250408T172350, end_date=20250408T172353
[2025-04-08T17:23:53.693+0000] {logging_mixin.py:190} INFO - Task instance in success state
[2025-04-08T17:23:53.693+0000] {logging_mixin.py:190} INFO -  Previous state of the Task instance: running
[2025-04-08T17:23:53.694+0000] {logging_mixin.py:190} INFO - Dag name:Download_Stock_Price queued_at:2025-04-08 17:23:46.703287+00:00
[2025-04-08T17:23:53.694+0000] {logging_mixin.py:190} INFO - Task hostname:instance-20250307-222520.us-central1-a.c.esoteric-realm-448604-v0.internal operator:PythonOperator
[2025-04-08T17:23:53.738+0000] {local_task_job_runner.py:266} INFO - Task exited with return code 0
[2025-04-08T17:23:53.763+0000] {taskinstance.py:3901} INFO - 0 downstream tasks scheduled from follow-on schedule check
[2025-04-08T17:23:53.765+0000] {local_task_job_runner.py:245} INFO - ::endgroup::
