[2025-04-08T17:29:57.989+0000] {local_task_job_runner.py:123} INFO - ::group::Pre task execution logs
[2025-04-08T17:29:58.009+0000] {taskinstance.py:2614} INFO - Dependencies all met for dep_context=non-requeueable deps ti=<TaskInstance: Download_Stock_Price.download_prices manual__2025-04-08T17:29:54.811167+00:00 [queued]>
[2025-04-08T17:29:58.019+0000] {taskinstance.py:2614} INFO - Dependencies all met for dep_context=requeueable deps ti=<TaskInstance: Download_Stock_Price.download_prices manual__2025-04-08T17:29:54.811167+00:00 [queued]>
[2025-04-08T17:29:58.020+0000] {taskinstance.py:2867} INFO - Starting attempt 1 of 2
[2025-04-08T17:29:58.036+0000] {taskinstance.py:2890} INFO - Executing <Task(PythonOperator): download_prices> on 2025-04-08 17:29:54.811167+00:00
[2025-04-08T17:29:58.043+0000] {standard_task_runner.py:72} INFO - Started process 14419 to run task
[2025-04-08T17:29:58.047+0000] {standard_task_runner.py:104} INFO - Running: ['airflow', 'tasks', 'run', 'Download_Stock_Price', 'download_prices', 'manual__2025-04-08T17:29:54.811167+00:00', '--job-id', '24', '--raw', '--subdir', 'DAGS_FOLDER/download_stock_price.py', '--cfg-path', '/tmp/tmp88huntri']
[2025-04-08T17:29:58.049+0000] {standard_task_runner.py:105} INFO - Job 24: Subtask download_prices
[2025-04-08T17:29:58.115+0000] {task_command.py:467} INFO - Running <TaskInstance: Download_Stock_Price.download_prices manual__2025-04-08T17:29:54.811167+00:00 [running]> on host instance-20250307-222520.us-central1-a.c.esoteric-realm-448604-v0.internal
[2025-04-08T17:29:58.218+0000] {taskinstance.py:3134} INFO - Exporting env vars: AIRFLOW_CTX_DAG_EMAIL='airflow@example.com' AIRFLOW_CTX_DAG_OWNER='airflow' AIRFLOW_CTX_DAG_ID='Download_Stock_Price' AIRFLOW_CTX_TASK_ID='download_prices' AIRFLOW_CTX_EXECUTION_DATE='2025-04-08T17:29:54.811167+00:00' AIRFLOW_CTX_TRY_NUMBER='1' AIRFLOW_CTX_DAG_RUN_ID='manual__2025-04-08T17:29:54.811167+00:00'
[2025-04-08T17:29:58.220+0000] {logging_mixin.py:190} INFO - Task instance is in running state
[2025-04-08T17:29:58.221+0000] {logging_mixin.py:190} INFO -  Previous state of the Task instance: queued
[2025-04-08T17:29:58.221+0000] {logging_mixin.py:190} INFO - Current task name:download_prices state:running start_date:2025-04-08 17:29:58.009794+00:00
[2025-04-08T17:29:58.221+0000] {logging_mixin.py:190} INFO - Dag name:Download_Stock_Price and current dag run status:running
[2025-04-08T17:29:58.222+0000] {taskinstance.py:732} INFO - ::endgroup::
[2025-04-08T17:29:58.664+0000] {logging_mixin.py:190} INFO - <class 'pandas.core.frame.DataFrame'>
[2025-04-08T17:29:58.664+0000] {logging_mixin.py:190} INFO - 22
[2025-04-08T17:29:58.664+0000] {logging_mixin.py:190} INFO - /
[2025-04-08T17:29:58.668+0000] {logging_mixin.py:190} INFO - Downloaded IBM
[2025-04-08T17:29:58.925+0000] {logging_mixin.py:190} INFO - <class 'pandas.core.frame.DataFrame'>
[2025-04-08T17:29:58.925+0000] {logging_mixin.py:190} INFO - 22
[2025-04-08T17:29:58.925+0000] {logging_mixin.py:190} INFO - /
[2025-04-08T17:29:58.927+0000] {logging_mixin.py:190} INFO - Downloaded GE
[2025-04-08T17:29:59.042+0000] {logging_mixin.py:190} INFO - <class 'pandas.core.frame.DataFrame'>
[2025-04-08T17:29:59.043+0000] {logging_mixin.py:190} INFO - 22
[2025-04-08T17:29:59.043+0000] {logging_mixin.py:190} INFO - /
[2025-04-08T17:29:59.045+0000] {logging_mixin.py:190} INFO - Downloaded AAPL
[2025-04-08T17:29:59.175+0000] {logging_mixin.py:190} INFO - <class 'pandas.core.frame.DataFrame'>
[2025-04-08T17:29:59.176+0000] {logging_mixin.py:190} INFO - 22
[2025-04-08T17:29:59.176+0000] {logging_mixin.py:190} INFO - /
[2025-04-08T17:29:59.177+0000] {logging_mixin.py:190} INFO - Downloaded MSFT
[2025-04-08T17:30:01.660+0000] {history.py:247} ERROR - $FB: possibly delisted; no price data found  (period=1mo) (Yahoo error = "No data found, symbol may be delisted")
[2025-04-08T17:30:01.661+0000] {logging_mixin.py:190} INFO - <class 'pandas.core.frame.DataFrame'>
[2025-04-08T17:30:01.661+0000] {logging_mixin.py:190} INFO - 0
[2025-04-08T17:30:01.662+0000] {logging_mixin.py:190} INFO - /
[2025-04-08T17:30:01.662+0000] {logging_mixin.py:190} INFO - Downloaded FB
[2025-04-08T17:30:01.663+0000] {python.py:240} INFO - Done. Returned value was: None
[2025-04-08T17:30:01.676+0000] {taskinstance.py:341} INFO - ::group::Post task execution logs
[2025-04-08T17:30:01.677+0000] {taskinstance.py:353} INFO - Marking task as SUCCESS. dag_id=Download_Stock_Price, task_id=download_prices, run_id=manual__2025-04-08T17:29:54.811167+00:00, execution_date=20250408T172954, start_date=20250408T172958, end_date=20250408T173001
[2025-04-08T17:30:01.711+0000] {logging_mixin.py:190} INFO - Task instance in success state
[2025-04-08T17:30:01.711+0000] {logging_mixin.py:190} INFO -  Previous state of the Task instance: running
[2025-04-08T17:30:01.712+0000] {logging_mixin.py:190} INFO - Dag name:Download_Stock_Price queued_at:2025-04-08 17:29:54.858759+00:00
[2025-04-08T17:30:01.712+0000] {logging_mixin.py:190} INFO - Task hostname:instance-20250307-222520.us-central1-a.c.esoteric-realm-448604-v0.internal operator:PythonOperator
[2025-04-08T17:30:01.755+0000] {local_task_job_runner.py:266} INFO - Task exited with return code 0
[2025-04-08T17:30:01.784+0000] {taskinstance.py:3901} INFO - 0 downstream tasks scheduled from follow-on schedule check
[2025-04-08T17:30:01.787+0000] {local_task_job_runner.py:245} INFO - ::endgroup::
