[2025-04-09T18:50:06.327+0000] {local_task_job_runner.py:123} INFO - ::group::Pre task execution logs
[2025-04-09T18:50:06.351+0000] {taskinstance.py:2614} INFO - Dependencies all met for dep_context=non-requeueable deps ti=<TaskInstance: Download_Stock_Price.merge_stock_price scheduled__2025-04-08T18:44:00+00:00 [queued]>
[2025-04-09T18:50:06.362+0000] {taskinstance.py:2614} INFO - Dependencies all met for dep_context=requeueable deps ti=<TaskInstance: Download_Stock_Price.merge_stock_price scheduled__2025-04-08T18:44:00+00:00 [queued]>
[2025-04-09T18:50:06.363+0000] {taskinstance.py:2867} INFO - Starting attempt 1 of 2
[2025-04-09T18:50:06.379+0000] {taskinstance.py:2890} INFO - Executing <Task(SQLExecuteQueryOperator): merge_stock_price> on 2025-04-08 18:44:00+00:00
[2025-04-09T18:50:06.386+0000] {standard_task_runner.py:72} INFO - Started process 30058 to run task
[2025-04-09T18:50:06.392+0000] {standard_task_runner.py:104} INFO - Running: ['airflow', 'tasks', 'run', 'Download_Stock_Price', 'merge_stock_price', 'scheduled__2025-04-08T18:44:00+00:00', '--job-id', '62', '--raw', '--subdir', 'DAGS_FOLDER/download_stock_price.py', '--cfg-path', '/tmp/tmpq6fljsr9']
[2025-04-09T18:50:06.393+0000] {standard_task_runner.py:105} INFO - Job 62: Subtask merge_stock_price
[2025-04-09T18:50:06.458+0000] {task_command.py:467} INFO - Running <TaskInstance: Download_Stock_Price.merge_stock_price scheduled__2025-04-08T18:44:00+00:00 [running]> on host instance-20250307-222520.us-central1-a.c.esoteric-realm-448604-v0.internal
[2025-04-09T18:50:06.551+0000] {taskinstance.py:3134} INFO - Exporting env vars: AIRFLOW_CTX_DAG_EMAIL='airflow@example.com' AIRFLOW_CTX_DAG_OWNER='airflow' AIRFLOW_CTX_DAG_ID='Download_Stock_Price' AIRFLOW_CTX_TASK_ID='merge_stock_price' AIRFLOW_CTX_EXECUTION_DATE='2025-04-08T18:44:00+00:00' AIRFLOW_CTX_TRY_NUMBER='1' AIRFLOW_CTX_DAG_RUN_ID='scheduled__2025-04-08T18:44:00+00:00'
[2025-04-09T18:50:06.553+0000] {logging_mixin.py:190} INFO - Task instance is in running state
[2025-04-09T18:50:06.553+0000] {logging_mixin.py:190} INFO -  Previous state of the Task instance: queued
[2025-04-09T18:50:06.553+0000] {logging_mixin.py:190} INFO - Current task name:merge_stock_price state:running start_date:2025-04-09 18:50:06.351801+00:00
[2025-04-09T18:50:06.554+0000] {logging_mixin.py:190} INFO - Dag name:Download_Stock_Price and current dag run status:running
[2025-04-09T18:50:06.554+0000] {taskinstance.py:732} INFO - ::endgroup::
[2025-04-09T18:50:06.555+0000] {sql.py:296} INFO - Executing: -- update the existing rows 
UPDATE public.stock_prices p
SET 
    open_price = s.open_price,
    high_price = s.high_price,
    low_price = s.low_price,
    close_price = s.close_price,
    updated_at = now()
FROM public.stock_prices_stage s
WHERE p.ticker = s.ticker
AND p.as_of_date = s.as_of_date;

-- inserting new rows 
INSERT INTO stock_prices 
(ticker, as_of_date, open_price, high_price, low_price, close_price)
SELECT 
    s.ticker, 
    s.as_of_date, 
    s.open_price, 
    s.high_price, 
    s.low_price, 
    s.close_price
FROM stock_prices_stage s
WHERE NOT EXISTS (
    SELECT 1 
    FROM stock_prices p 
    WHERE p.ticker = s.ticker 
    AND p.as_of_date = s.as_of_date
);

-- truncate the stage table; 
truncate table stock_prices_stage; 

[2025-04-09T18:50:06.566+0000] {base.py:84} INFO - Retrieving connection 'demodb'
[2025-04-09T18:50:06.578+0000] {base.py:84} INFO - Retrieving connection 'demodb'
[2025-04-09T18:50:06.584+0000] {sql.py:624} INFO - Running statement: -- update the existing rows 
UPDATE public.stock_prices p
SET 
    open_price = s.open_price,
    high_price = s.high_price,
    low_price = s.low_price,
    close_price = s.close_price,
    updated_at = now()
FROM public.stock_prices_stage s
WHERE p.ticker = s.ticker
AND p.as_of_date = s.as_of_date;

-- inserting new rows 
INSERT INTO stock_prices 
(ticker, as_of_date, open_price, high_price, low_price, close_price)
SELECT 
    s.ticker, 
    s.as_of_date, 
    s.open_price, 
    s.high_price, 
    s.low_price, 
    s.close_price
FROM stock_prices_stage s
WHERE NOT EXISTS (
    SELECT 1 
    FROM stock_prices p 
    WHERE p.ticker = s.ticker 
    AND p.as_of_date = s.as_of_date
);

-- truncate the stage table; 
truncate table stock_prices_stage; 
, parameters: None
[2025-04-09T18:50:06.728+0000] {taskinstance.py:341} INFO - ::group::Post task execution logs
[2025-04-09T18:50:06.729+0000] {taskinstance.py:353} INFO - Marking task as SUCCESS. dag_id=Download_Stock_Price, task_id=merge_stock_price, run_id=scheduled__2025-04-08T18:44:00+00:00, execution_date=20250408T184400, start_date=20250409T185006, end_date=20250409T185006
[2025-04-09T18:50:06.757+0000] {logging_mixin.py:190} INFO - Task instance in success state
[2025-04-09T18:50:06.758+0000] {logging_mixin.py:190} INFO -  Previous state of the Task instance: running
[2025-04-09T18:50:06.758+0000] {logging_mixin.py:190} INFO - Dag name:Download_Stock_Price queued_at:2025-04-09 18:49:52.239946+00:00
[2025-04-09T18:50:06.758+0000] {logging_mixin.py:190} INFO - Task hostname:instance-20250307-222520.us-central1-a.c.esoteric-realm-448604-v0.internal operator:SQLExecuteQueryOperator
[2025-04-09T18:50:06.805+0000] {local_task_job_runner.py:266} INFO - Task exited with return code 0
[2025-04-09T18:50:06.826+0000] {taskinstance.py:3901} INFO - 0 downstream tasks scheduled from follow-on schedule check
[2025-04-09T18:50:06.829+0000] {local_task_job_runner.py:245} INFO - ::endgroup::
