[2025-04-08T21:59:57.439+0000] {local_task_job_runner.py:123} INFO - ::group::Pre task execution logs
[2025-04-08T21:59:57.459+0000] {taskinstance.py:2614} INFO - Dependencies all met for dep_context=non-requeueable deps ti=<TaskInstance: Download_Stock_Price.download_price manual__2025-04-08T21:59:54.104105+00:00 [queued]>
[2025-04-08T21:59:57.474+0000] {taskinstance.py:2614} INFO - Dependencies all met for dep_context=requeueable deps ti=<TaskInstance: Download_Stock_Price.download_price manual__2025-04-08T21:59:54.104105+00:00 [queued]>
[2025-04-08T21:59:57.474+0000] {taskinstance.py:2867} INFO - Starting attempt 1 of 2
[2025-04-08T21:59:57.495+0000] {taskinstance.py:2890} INFO - Executing <Task(PythonOperator): download_price> on 2025-04-08 21:59:54.104105+00:00
[2025-04-08T21:59:57.504+0000] {standard_task_runner.py:72} INFO - Started process 116594 to run task
[2025-04-08T21:59:57.511+0000] {standard_task_runner.py:104} INFO - Running: ['airflow', 'tasks', 'run', 'Download_Stock_Price', 'download_price', 'manual__2025-04-08T21:59:54.104105+00:00', '--job-id', '50', '--raw', '--subdir', 'DAGS_FOLDER/download_stock_price.py', '--cfg-path', '/tmp/tmpi7sghdqa']
[2025-04-08T21:59:57.513+0000] {standard_task_runner.py:105} INFO - Job 50: Subtask download_price
[2025-04-08T21:59:57.606+0000] {task_command.py:467} INFO - Running <TaskInstance: Download_Stock_Price.download_price manual__2025-04-08T21:59:54.104105+00:00 [running]> on host instance-20250307-222520.us-central1-a.c.esoteric-realm-448604-v0.internal
[2025-04-08T21:59:57.744+0000] {taskinstance.py:3134} INFO - Exporting env vars: AIRFLOW_CTX_DAG_EMAIL='airflow@example.com' AIRFLOW_CTX_DAG_OWNER='airflow' AIRFLOW_CTX_DAG_ID='Download_Stock_Price' AIRFLOW_CTX_TASK_ID='download_price' AIRFLOW_CTX_EXECUTION_DATE='2025-04-08T21:59:54.104105+00:00' AIRFLOW_CTX_TRY_NUMBER='1' AIRFLOW_CTX_DAG_RUN_ID='manual__2025-04-08T21:59:54.104105+00:00'
[2025-04-08T21:59:57.746+0000] {logging_mixin.py:190} INFO - Task instance is in running state
[2025-04-08T21:59:57.746+0000] {logging_mixin.py:190} INFO -  Previous state of the Task instance: queued
[2025-04-08T21:59:57.747+0000] {logging_mixin.py:190} INFO - Current task name:download_price state:running start_date:2025-04-08 21:59:57.460536+00:00
[2025-04-08T21:59:57.747+0000] {logging_mixin.py:190} INFO - Dag name:Download_Stock_Price and current dag run status:running
[2025-04-08T21:59:57.747+0000] {taskinstance.py:732} INFO - ::endgroup::
[2025-04-08T21:59:58.128+0000] {logging_mixin.py:190} INFO - Downloaded IBM
[2025-04-08T21:59:58.309+0000] {logging_mixin.py:190} INFO - Downloaded GE
[2025-04-08T21:59:58.464+0000] {logging_mixin.py:190} INFO - Downloaded AAPL
[2025-04-08T21:59:58.555+0000] {logging_mixin.py:190} INFO - Downloaded MSFT
[2025-04-08T22:00:01.802+0000] {history.py:247} ERROR - $FB: possibly delisted; no price data found  (period=1mo) (Yahoo error = "No data found, symbol may be delisted")
[2025-04-08T22:00:01.803+0000] {python.py:240} INFO - Done. Returned value was: ['IBM', 'GE', 'AAPL', 'MSFT']
[2025-04-08T22:00:01.836+0000] {taskinstance.py:341} INFO - ::group::Post task execution logs
[2025-04-08T22:00:01.837+0000] {taskinstance.py:353} INFO - Marking task as SUCCESS. dag_id=Download_Stock_Price, task_id=download_price, run_id=manual__2025-04-08T21:59:54.104105+00:00, execution_date=20250408T215954, start_date=20250408T215957, end_date=20250408T220001
[2025-04-08T22:00:01.869+0000] {logging_mixin.py:190} INFO - Task instance in success state
[2025-04-08T22:00:01.870+0000] {logging_mixin.py:190} INFO -  Previous state of the Task instance: running
[2025-04-08T22:00:01.870+0000] {logging_mixin.py:190} INFO - Dag name:Download_Stock_Price queued_at:2025-04-08 21:59:54.122664+00:00
[2025-04-08T22:00:01.871+0000] {logging_mixin.py:190} INFO - Task hostname:instance-20250307-222520.us-central1-a.c.esoteric-realm-448604-v0.internal operator:PythonOperator
[2025-04-08T22:00:01.907+0000] {local_task_job_runner.py:266} INFO - Task exited with return code 0
[2025-04-08T22:00:01.961+0000] {taskinstance.py:3901} INFO - 1 downstream tasks scheduled from follow-on schedule check
[2025-04-08T22:00:01.964+0000] {local_task_job_runner.py:245} INFO - ::endgroup::
