[2025-04-07T03:08:32.876+0000] {local_task_job_runner.py:123} INFO - ::group::Pre task execution logs
[2025-04-07T03:08:32.884+0000] {taskinstance.py:2614} INFO - Dependencies all met for dep_context=non-requeueable deps ti=<TaskInstance: Download_Stock_Price.download_prices manual__2025-04-07T03:08:29.704046+00:00 [queued]>
[2025-04-07T03:08:32.889+0000] {taskinstance.py:2614} INFO - Dependencies all met for dep_context=requeueable deps ti=<TaskInstance: Download_Stock_Price.download_prices manual__2025-04-07T03:08:29.704046+00:00 [queued]>
[2025-04-07T03:08:32.889+0000] {taskinstance.py:2867} INFO - Starting attempt 1 of 2
[2025-04-07T03:08:32.904+0000] {taskinstance.py:2890} INFO - Executing <Task(PythonOperator): download_prices> on 2025-04-07 03:08:29.704046+00:00
[2025-04-07T03:08:32.916+0000] {standard_task_runner.py:104} INFO - Running: ['airflow', 'tasks', 'run', 'Download_Stock_Price', 'download_prices', 'manual__2025-04-07T03:08:29.704046+00:00', '--job-id', '8', '--raw', '--subdir', 'DAGS_FOLDER/download_stock_price.py', '--cfg-path', '/tmp/tmpmed1wg2n']
[2025-04-07T03:08:32.917+0000] {standard_task_runner.py:105} INFO - Job 8: Subtask download_prices
[2025-04-07T03:08:32.918+0000] {logging_mixin.py:190} WARNING - /home/gloria/anaconda3/lib/python3.12/site-packages/airflow/task/task_runner/standard_task_runner.py:70 DeprecationWarning: This process (pid=81969) is multi-threaded, use of fork() may lead to deadlocks in the child.
[2025-04-07T03:08:32.919+0000] {standard_task_runner.py:72} INFO - Started process 81978 to run task
[2025-04-07T03:08:32.949+0000] {task_command.py:467} INFO - Running <TaskInstance: Download_Stock_Price.download_prices manual__2025-04-07T03:08:29.704046+00:00 [running]> on host instance-20250307-222520.us-central1-a.c.esoteric-realm-448604-v0.internal
[2025-04-07T03:08:33.195+0000] {taskinstance.py:3134} INFO - Exporting env vars: AIRFLOW_CTX_DAG_EMAIL='airflow@example.com' AIRFLOW_CTX_DAG_OWNER='airflow' AIRFLOW_CTX_DAG_ID='Download_Stock_Price' AIRFLOW_CTX_TASK_ID='download_prices' AIRFLOW_CTX_EXECUTION_DATE='2025-04-07T03:08:29.704046+00:00' AIRFLOW_CTX_TRY_NUMBER='1' AIRFLOW_CTX_DAG_RUN_ID='manual__2025-04-07T03:08:29.704046+00:00'
[2025-04-07T03:08:33.195+0000] {logging_mixin.py:190} INFO - Task instance is in running state
[2025-04-07T03:08:33.196+0000] {logging_mixin.py:190} INFO -  Previous state of the Task instance: queued
[2025-04-07T03:08:33.196+0000] {logging_mixin.py:190} INFO - Current task name:download_prices state:running start_date:2025-04-07 03:08:32.884703+00:00
[2025-04-07T03:08:33.196+0000] {logging_mixin.py:190} INFO - Dag name:Download_Stock_Price and current dag run status:running
[2025-04-07T03:08:33.196+0000] {taskinstance.py:732} INFO - ::endgroup::
[2025-04-07T03:08:33.202+0000] {logging_mixin.py:190} INFO - IBM GE MSFT AAPL
[2025-04-07T03:08:33.202+0000] {logging_mixin.py:190} INFO - ['IBM', 'GE', 'AAPL', 'MSFT']
[2025-04-07T03:08:33.202+0000] {logging_mixin.py:190} INFO - 4
[2025-04-07T03:08:33.203+0000] {logging_mixin.py:190} INFO - ['IBM', 'GE']
[2025-04-07T03:08:33.675+0000] {logging_mixin.py:190} INFO - <class 'pandas.core.frame.DataFrame'>
[2025-04-07T03:08:33.676+0000] {logging_mixin.py:190} INFO - (9843, 7)
[2025-04-07T03:08:33.676+0000] {logging_mixin.py:190} INFO - /
[2025-04-07T03:08:33.782+0000] {logging_mixin.py:190} INFO - Finished downloading price data.
[2025-04-07T03:08:33.782+0000] {python.py:240} INFO - Done. Returned value was: None
[2025-04-07T03:08:33.786+0000] {taskinstance.py:341} INFO - ::group::Post task execution logs
[2025-04-07T03:08:33.786+0000] {taskinstance.py:353} INFO - Marking task as SUCCESS. dag_id=Download_Stock_Price, task_id=download_prices, run_id=manual__2025-04-07T03:08:29.704046+00:00, execution_date=20250407T030829, start_date=20250407T030832, end_date=20250407T030833
[2025-04-07T03:08:33.808+0000] {logging_mixin.py:190} INFO - Task instance in success state
[2025-04-07T03:08:33.808+0000] {logging_mixin.py:190} INFO -  Previous state of the Task instance: running
[2025-04-07T03:08:33.808+0000] {logging_mixin.py:190} INFO - Dag name:Download_Stock_Price queued_at:2025-04-07 03:08:29.722658+00:00
[2025-04-07T03:08:33.808+0000] {logging_mixin.py:190} INFO - Task hostname:instance-20250307-222520.us-central1-a.c.esoteric-realm-448604-v0.internal operator:PythonOperator
[2025-04-07T03:08:33.857+0000] {local_task_job_runner.py:266} INFO - Task exited with return code 0
[2025-04-07T03:08:33.867+0000] {taskinstance.py:3901} INFO - 0 downstream tasks scheduled from follow-on schedule check
[2025-04-07T03:08:33.868+0000] {local_task_job_runner.py:245} INFO - ::endgroup::
