[2025-04-09T18:52:02.903+0000] {local_task_job_runner.py:123} INFO - ::group::Pre task execution logs
[2025-04-09T18:52:02.920+0000] {taskinstance.py:2614} INFO - Dependencies all met for dep_context=non-requeueable deps ti=<TaskInstance: Download_Stock_Price.download_price scheduled__2025-04-08T18:52:00+00:00 [queued]>
[2025-04-09T18:52:02.928+0000] {taskinstance.py:2614} INFO - Dependencies all met for dep_context=requeueable deps ti=<TaskInstance: Download_Stock_Price.download_price scheduled__2025-04-08T18:52:00+00:00 [queued]>
[2025-04-09T18:52:02.929+0000] {taskinstance.py:2867} INFO - Starting attempt 1 of 2
[2025-04-09T18:52:02.942+0000] {taskinstance.py:2890} INFO - Executing <Task(PythonOperator): download_price> on 2025-04-08 18:52:00+00:00
[2025-04-09T18:52:02.949+0000] {standard_task_runner.py:72} INFO - Started process 30571 to run task
[2025-04-09T18:52:02.954+0000] {standard_task_runner.py:104} INFO - Running: ['airflow', 'tasks', 'run', 'Download_Stock_Price', 'download_price', 'scheduled__2025-04-08T18:52:00+00:00', '--job-id', '63', '--raw', '--subdir', 'DAGS_FOLDER/download_stock_price.py', '--cfg-path', '/tmp/tmpb549afxb']
[2025-04-09T18:52:02.955+0000] {standard_task_runner.py:105} INFO - Job 63: Subtask download_price
[2025-04-09T18:52:03.022+0000] {task_command.py:467} INFO - Running <TaskInstance: Download_Stock_Price.download_price scheduled__2025-04-08T18:52:00+00:00 [running]> on host instance-20250307-222520.us-central1-a.c.esoteric-realm-448604-v0.internal
[2025-04-09T18:52:03.114+0000] {taskinstance.py:3134} INFO - Exporting env vars: AIRFLOW_CTX_DAG_EMAIL='airflow@example.com' AIRFLOW_CTX_DAG_OWNER='airflow' AIRFLOW_CTX_DAG_ID='Download_Stock_Price' AIRFLOW_CTX_TASK_ID='download_price' AIRFLOW_CTX_EXECUTION_DATE='2025-04-08T18:52:00+00:00' AIRFLOW_CTX_TRY_NUMBER='1' AIRFLOW_CTX_DAG_RUN_ID='scheduled__2025-04-08T18:52:00+00:00'
[2025-04-09T18:52:03.115+0000] {logging_mixin.py:190} INFO - Task instance is in running state
[2025-04-09T18:52:03.116+0000] {logging_mixin.py:190} INFO -  Previous state of the Task instance: queued
[2025-04-09T18:52:03.116+0000] {logging_mixin.py:190} INFO - Current task name:download_price state:running start_date:2025-04-09 18:52:02.920521+00:00
[2025-04-09T18:52:03.116+0000] {logging_mixin.py:190} INFO - Dag name:Download_Stock_Price and current dag run status:running
[2025-04-09T18:52:03.116+0000] {taskinstance.py:732} INFO - ::endgroup::
[2025-04-09T18:52:03.589+0000] {logging_mixin.py:190} INFO - Downloaded IBM
[2025-04-09T18:52:03.860+0000] {logging_mixin.py:190} INFO - Downloaded GE
[2025-04-09T18:52:03.970+0000] {logging_mixin.py:190} INFO - Downloaded AAPL
[2025-04-09T18:52:04.119+0000] {logging_mixin.py:190} INFO - Downloaded MSFT
[2025-04-09T18:52:07.471+0000] {history.py:247} ERROR - $FB: possibly delisted; no price data found  (period=1mo) (Yahoo error = "No data found, symbol may be delisted")
[2025-04-09T18:52:07.472+0000] {python.py:240} INFO - Done. Returned value was: ['IBM', 'GE', 'AAPL', 'MSFT']
[2025-04-09T18:52:07.500+0000] {taskinstance.py:341} INFO - ::group::Post task execution logs
[2025-04-09T18:52:07.501+0000] {taskinstance.py:353} INFO - Marking task as SUCCESS. dag_id=Download_Stock_Price, task_id=download_price, run_id=scheduled__2025-04-08T18:52:00+00:00, execution_date=20250408T185200, start_date=20250409T185202, end_date=20250409T185207
[2025-04-09T18:52:07.529+0000] {logging_mixin.py:190} INFO - Task instance in success state
[2025-04-09T18:52:07.529+0000] {logging_mixin.py:190} INFO -  Previous state of the Task instance: running
[2025-04-09T18:52:07.529+0000] {logging_mixin.py:190} INFO - Dag name:Download_Stock_Price queued_at:2025-04-09 18:52:00.368502+00:00
[2025-04-09T18:52:07.530+0000] {logging_mixin.py:190} INFO - Task hostname:instance-20250307-222520.us-central1-a.c.esoteric-realm-448604-v0.internal operator:PythonOperator
[2025-04-09T18:52:07.544+0000] {local_task_job_runner.py:266} INFO - Task exited with return code 0
[2025-04-09T18:52:07.583+0000] {taskinstance.py:3901} INFO - 1 downstream tasks scheduled from follow-on schedule check
[2025-04-09T18:52:07.586+0000] {local_task_job_runner.py:245} INFO - ::endgroup::
