[2025-04-08T17:27:32.860+0000] {local_task_job_runner.py:123} INFO - ::group::Pre task execution logs
[2025-04-08T17:27:32.880+0000] {taskinstance.py:2614} INFO - Dependencies all met for dep_context=non-requeueable deps ti=<TaskInstance: Download_Stock_Price.download_prices manual__2025-04-08T17:27:29.066132+00:00 [queued]>
[2025-04-08T17:27:32.890+0000] {taskinstance.py:2614} INFO - Dependencies all met for dep_context=requeueable deps ti=<TaskInstance: Download_Stock_Price.download_prices manual__2025-04-08T17:27:29.066132+00:00 [queued]>
[2025-04-08T17:27:32.891+0000] {taskinstance.py:2867} INFO - Starting attempt 1 of 2
[2025-04-08T17:27:32.906+0000] {taskinstance.py:2890} INFO - Executing <Task(PythonOperator): download_prices> on 2025-04-08 17:27:29.066132+00:00
[2025-04-08T17:27:32.913+0000] {standard_task_runner.py:72} INFO - Started process 13860 to run task
[2025-04-08T17:27:32.917+0000] {standard_task_runner.py:104} INFO - Running: ['airflow', 'tasks', 'run', 'Download_Stock_Price', 'download_prices', 'manual__2025-04-08T17:27:29.066132+00:00', '--job-id', '22', '--raw', '--subdir', 'DAGS_FOLDER/download_stock_price.py', '--cfg-path', '/tmp/tmp20hv730j']
[2025-04-08T17:27:32.918+0000] {standard_task_runner.py:105} INFO - Job 22: Subtask download_prices
[2025-04-08T17:27:32.980+0000] {task_command.py:467} INFO - Running <TaskInstance: Download_Stock_Price.download_prices manual__2025-04-08T17:27:29.066132+00:00 [running]> on host instance-20250307-222520.us-central1-a.c.esoteric-realm-448604-v0.internal
[2025-04-08T17:27:33.087+0000] {taskinstance.py:3134} INFO - Exporting env vars: AIRFLOW_CTX_DAG_EMAIL='airflow@example.com' AIRFLOW_CTX_DAG_OWNER='airflow' AIRFLOW_CTX_DAG_ID='Download_Stock_Price' AIRFLOW_CTX_TASK_ID='download_prices' AIRFLOW_CTX_EXECUTION_DATE='2025-04-08T17:27:29.066132+00:00' AIRFLOW_CTX_TRY_NUMBER='1' AIRFLOW_CTX_DAG_RUN_ID='manual__2025-04-08T17:27:29.066132+00:00'
[2025-04-08T17:27:33.089+0000] {logging_mixin.py:190} INFO - Task instance is in running state
[2025-04-08T17:27:33.090+0000] {logging_mixin.py:190} INFO -  Previous state of the Task instance: queued
[2025-04-08T17:27:33.090+0000] {logging_mixin.py:190} INFO - Current task name:download_prices state:running start_date:2025-04-08 17:27:32.880803+00:00
[2025-04-08T17:27:33.090+0000] {logging_mixin.py:190} INFO - Dag name:Download_Stock_Price and current dag run status:running
[2025-04-08T17:27:33.091+0000] {taskinstance.py:732} INFO - ::endgroup::
[2025-04-08T17:27:33.952+0000] {logging_mixin.py:190} INFO - <class 'pandas.core.frame.DataFrame'>
[2025-04-08T17:27:33.953+0000] {logging_mixin.py:190} INFO - 22
[2025-04-08T17:27:33.953+0000] {logging_mixin.py:190} INFO - /
[2025-04-08T17:27:33.957+0000] {logging_mixin.py:190} INFO - Downloaded IBM
[2025-04-08T17:27:34.648+0000] {logging_mixin.py:190} INFO - <class 'pandas.core.frame.DataFrame'>
[2025-04-08T17:27:34.648+0000] {logging_mixin.py:190} INFO - 22
[2025-04-08T17:27:34.649+0000] {logging_mixin.py:190} INFO - /
[2025-04-08T17:27:34.651+0000] {logging_mixin.py:190} INFO - Downloaded GE
[2025-04-08T17:27:34.889+0000] {logging_mixin.py:190} INFO - <class 'pandas.core.frame.DataFrame'>
[2025-04-08T17:27:34.889+0000] {logging_mixin.py:190} INFO - 22
[2025-04-08T17:27:34.889+0000] {logging_mixin.py:190} INFO - /
[2025-04-08T17:27:34.891+0000] {logging_mixin.py:190} INFO - Downloaded AAPL
[2025-04-08T17:27:34.975+0000] {logging_mixin.py:190} INFO - <class 'pandas.core.frame.DataFrame'>
[2025-04-08T17:27:34.976+0000] {logging_mixin.py:190} INFO - 22
[2025-04-08T17:27:34.976+0000] {logging_mixin.py:190} INFO - /
[2025-04-08T17:27:34.977+0000] {logging_mixin.py:190} INFO - Downloaded MSFT
[2025-04-08T17:27:38.331+0000] {history.py:247} ERROR - $FB: possibly delisted; no price data found  (period=1mo) (Yahoo error = "No data found, symbol may be delisted")
[2025-04-08T17:27:38.332+0000] {logging_mixin.py:190} INFO - <class 'pandas.core.frame.DataFrame'>
[2025-04-08T17:27:38.333+0000] {logging_mixin.py:190} INFO - 0
[2025-04-08T17:27:38.333+0000] {logging_mixin.py:190} INFO - /
[2025-04-08T17:27:38.334+0000] {logging_mixin.py:190} INFO - Downloaded FB
[2025-04-08T17:27:38.334+0000] {python.py:240} INFO - Done. Returned value was: None
[2025-04-08T17:27:38.347+0000] {taskinstance.py:341} INFO - ::group::Post task execution logs
[2025-04-08T17:27:38.348+0000] {taskinstance.py:353} INFO - Marking task as SUCCESS. dag_id=Download_Stock_Price, task_id=download_prices, run_id=manual__2025-04-08T17:27:29.066132+00:00, execution_date=20250408T172729, start_date=20250408T172732, end_date=20250408T172738
[2025-04-08T17:27:38.380+0000] {logging_mixin.py:190} INFO - Task instance in success state
[2025-04-08T17:27:38.380+0000] {logging_mixin.py:190} INFO -  Previous state of the Task instance: running
[2025-04-08T17:27:38.381+0000] {logging_mixin.py:190} INFO - Dag name:Download_Stock_Price queued_at:2025-04-08 17:27:29.081733+00:00
[2025-04-08T17:27:38.381+0000] {logging_mixin.py:190} INFO - Task hostname:instance-20250307-222520.us-central1-a.c.esoteric-realm-448604-v0.internal operator:PythonOperator
[2025-04-08T17:27:38.399+0000] {local_task_job_runner.py:266} INFO - Task exited with return code 0
[2025-04-08T17:27:38.417+0000] {taskinstance.py:3901} INFO - 0 downstream tasks scheduled from follow-on schedule check
[2025-04-08T17:27:38.420+0000] {local_task_job_runner.py:245} INFO - ::endgroup::
