[2025-04-09T19:04:29.671+0000] {local_task_job_runner.py:123} INFO - ::group::Pre task execution logs
[2025-04-09T19:04:29.689+0000] {taskinstance.py:2614} INFO - Dependencies all met for dep_context=non-requeueable deps ti=<TaskInstance: Download_Stock_Price.download_price manual__2025-04-09T19:04:26.406588+00:00 [queued]>
[2025-04-09T19:04:29.698+0000] {taskinstance.py:2614} INFO - Dependencies all met for dep_context=requeueable deps ti=<TaskInstance: Download_Stock_Price.download_price manual__2025-04-09T19:04:26.406588+00:00 [queued]>
[2025-04-09T19:04:29.698+0000] {taskinstance.py:2867} INFO - Starting attempt 1 of 2
[2025-04-09T19:04:29.712+0000] {taskinstance.py:2890} INFO - Executing <Task(PythonOperator): download_price> on 2025-04-09 19:04:26.406588+00:00
[2025-04-09T19:04:29.719+0000] {standard_task_runner.py:72} INFO - Started process 34318 to run task
[2025-04-09T19:04:29.725+0000] {standard_task_runner.py:104} INFO - Running: ['airflow', 'tasks', 'run', 'Download_Stock_Price', 'download_price', 'manual__2025-04-09T19:04:26.406588+00:00', '--job-id', '66', '--raw', '--subdir', 'DAGS_FOLDER/download_stock_price.py', '--cfg-path', '/tmp/tmp2ps8zuys']
[2025-04-09T19:04:29.726+0000] {standard_task_runner.py:105} INFO - Job 66: Subtask download_price
[2025-04-09T19:04:29.791+0000] {task_command.py:467} INFO - Running <TaskInstance: Download_Stock_Price.download_price manual__2025-04-09T19:04:26.406588+00:00 [running]> on host instance-20250307-222520.us-central1-a.c.esoteric-realm-448604-v0.internal
[2025-04-09T19:04:29.886+0000] {taskinstance.py:3134} INFO - Exporting env vars: AIRFLOW_CTX_DAG_EMAIL='airflow@example.com' AIRFLOW_CTX_DAG_OWNER='airflow' AIRFLOW_CTX_DAG_ID='Download_Stock_Price' AIRFLOW_CTX_TASK_ID='download_price' AIRFLOW_CTX_EXECUTION_DATE='2025-04-09T19:04:26.406588+00:00' AIRFLOW_CTX_TRY_NUMBER='1' AIRFLOW_CTX_DAG_RUN_ID='manual__2025-04-09T19:04:26.406588+00:00'
[2025-04-09T19:04:29.888+0000] {logging_mixin.py:190} INFO - Task instance is in running state
[2025-04-09T19:04:29.888+0000] {logging_mixin.py:190} INFO -  Previous state of the Task instance: queued
[2025-04-09T19:04:29.888+0000] {logging_mixin.py:190} INFO - Current task name:download_price state:running start_date:2025-04-09 19:04:29.689832+00:00
[2025-04-09T19:04:29.888+0000] {logging_mixin.py:190} INFO - Dag name:Download_Stock_Price and current dag run status:running
[2025-04-09T19:04:29.889+0000] {taskinstance.py:732} INFO - ::endgroup::
[2025-04-09T19:04:29.890+0000] {logging_mixin.py:190} INFO - Execution Data is {{ ds }}, {{ ds_nodash }}<br/>{{ next_ds }}<br/>{{ yesterday_ds }}<br/>{{ tomorrow_ds }}
[2025-04-09T19:04:30.326+0000] {logging_mixin.py:190} INFO - Downloaded IBM
[2025-04-09T19:04:30.569+0000] {logging_mixin.py:190} INFO - Downloaded GE
[2025-04-09T19:04:30.773+0000] {logging_mixin.py:190} INFO - Downloaded AAPL
[2025-04-09T19:04:30.966+0000] {logging_mixin.py:190} INFO - Downloaded MSFT
[2025-04-09T19:04:34.137+0000] {history.py:247} ERROR - $FB: possibly delisted; no price data found  (period=1mo) (Yahoo error = "No data found, symbol may be delisted")
[2025-04-09T19:04:34.138+0000] {python.py:240} INFO - Done. Returned value was: ['IBM', 'GE', 'AAPL', 'MSFT']
[2025-04-09T19:04:34.177+0000] {taskinstance.py:341} INFO - ::group::Post task execution logs
[2025-04-09T19:04:34.177+0000] {taskinstance.py:353} INFO - Marking task as SUCCESS. dag_id=Download_Stock_Price, task_id=download_price, run_id=manual__2025-04-09T19:04:26.406588+00:00, execution_date=20250409T190426, start_date=20250409T190429, end_date=20250409T190434
[2025-04-09T19:04:34.216+0000] {logging_mixin.py:190} INFO - Task instance in success state
[2025-04-09T19:04:34.217+0000] {logging_mixin.py:190} INFO -  Previous state of the Task instance: running
[2025-04-09T19:04:34.217+0000] {logging_mixin.py:190} INFO - Dag name:Download_Stock_Price queued_at:2025-04-09 19:04:26.436745+00:00
[2025-04-09T19:04:34.217+0000] {logging_mixin.py:190} INFO - Task hostname:instance-20250307-222520.us-central1-a.c.esoteric-realm-448604-v0.internal operator:PythonOperator
[2025-04-09T19:04:34.234+0000] {local_task_job_runner.py:266} INFO - Task exited with return code 0
[2025-04-09T19:04:34.289+0000] {taskinstance.py:3901} INFO - 1 downstream tasks scheduled from follow-on schedule check
[2025-04-09T19:04:34.292+0000] {local_task_job_runner.py:245} INFO - ::endgroup::
