[2025-04-09T18:52:10.760+0000] {local_task_job_runner.py:123} INFO - ::group::Pre task execution logs
[2025-04-09T18:52:10.782+0000] {taskinstance.py:2614} INFO - Dependencies all met for dep_context=non-requeueable deps ti=<TaskInstance: Download_Stock_Price.save_to_database scheduled__2025-04-08T18:52:00+00:00 [queued]>
[2025-04-09T18:52:10.792+0000] {taskinstance.py:2614} INFO - Dependencies all met for dep_context=requeueable deps ti=<TaskInstance: Download_Stock_Price.save_to_database scheduled__2025-04-08T18:52:00+00:00 [queued]>
[2025-04-09T18:52:10.793+0000] {taskinstance.py:2867} INFO - Starting attempt 1 of 2
[2025-04-09T18:52:10.810+0000] {taskinstance.py:2890} INFO - Executing <Task(PythonOperator): save_to_database> on 2025-04-08 18:52:00+00:00
[2025-04-09T18:52:10.817+0000] {standard_task_runner.py:72} INFO - Started process 30597 to run task
[2025-04-09T18:52:10.822+0000] {standard_task_runner.py:104} INFO - Running: ['airflow', 'tasks', 'run', 'Download_Stock_Price', 'save_to_database', 'scheduled__2025-04-08T18:52:00+00:00', '--job-id', '64', '--raw', '--subdir', 'DAGS_FOLDER/download_stock_price.py', '--cfg-path', '/tmp/tmpniwfd930']
[2025-04-09T18:52:10.823+0000] {standard_task_runner.py:105} INFO - Job 64: Subtask save_to_database
[2025-04-09T18:52:10.889+0000] {task_command.py:467} INFO - Running <TaskInstance: Download_Stock_Price.save_to_database scheduled__2025-04-08T18:52:00+00:00 [running]> on host instance-20250307-222520.us-central1-a.c.esoteric-realm-448604-v0.internal
[2025-04-09T18:52:10.986+0000] {taskinstance.py:3134} INFO - Exporting env vars: AIRFLOW_CTX_DAG_EMAIL='airflow@example.com' AIRFLOW_CTX_DAG_OWNER='airflow' AIRFLOW_CTX_DAG_ID='Download_Stock_Price' AIRFLOW_CTX_TASK_ID='save_to_database' AIRFLOW_CTX_EXECUTION_DATE='2025-04-08T18:52:00+00:00' AIRFLOW_CTX_TRY_NUMBER='1' AIRFLOW_CTX_DAG_RUN_ID='scheduled__2025-04-08T18:52:00+00:00'
[2025-04-09T18:52:10.988+0000] {logging_mixin.py:190} INFO - Task instance is in running state
[2025-04-09T18:52:10.988+0000] {logging_mixin.py:190} INFO -  Previous state of the Task instance: queued
[2025-04-09T18:52:10.988+0000] {logging_mixin.py:190} INFO - Current task name:save_to_database state:running start_date:2025-04-09 18:52:10.782477+00:00
[2025-04-09T18:52:10.989+0000] {logging_mixin.py:190} INFO - Dag name:Download_Stock_Price and current dag run status:running
[2025-04-09T18:52:10.989+0000] {taskinstance.py:732} INFO - ::endgroup::
[2025-04-09T18:52:11.001+0000] {logging_mixin.py:190} INFO - received tickers: ['IBM', 'GE', 'AAPL', 'MSFT']
[2025-04-09T18:52:11.013+0000] {base.py:84} INFO - Retrieving connection 'demodb'
[2025-04-09T18:52:11.018+0000] {logging_mixin.py:190} INFO - IBM length=23   ['IBM', '2025-03-11 00:00:00-04:00', '255.99000549316406', '256.70001220703125', '245.86000061035156', '248.9499969482422']
[2025-04-09T18:52:11.027+0000] {logging_mixin.py:190} INFO - 23 record inserted.
[2025-04-09T18:52:11.028+0000] {logging_mixin.py:190} INFO - GE length=23   ['GE', '2025-03-11 00:00:00-04:00', '189.92999267578125', '193.67999267578125', '188.32000732421875', '191.72000122070312']
[2025-04-09T18:52:11.037+0000] {logging_mixin.py:190} INFO - 23 record inserted.
[2025-04-09T18:52:11.038+0000] {logging_mixin.py:190} INFO - AAPL length=23   ['AAPL', '2025-03-11 00:00:00-04:00', '223.80999755859375', '225.83999633789062', '217.4499969482422', '220.83999633789062']
[2025-04-09T18:52:11.046+0000] {logging_mixin.py:190} INFO - 23 record inserted.
[2025-04-09T18:52:11.047+0000] {logging_mixin.py:190} INFO - MSFT length=23   ['MSFT', '2025-03-11 00:00:00-04:00', '379.0', '386.0', '376.9100036621094', '380.45001220703125']
[2025-04-09T18:52:11.057+0000] {logging_mixin.py:190} INFO - 23 record inserted.
[2025-04-09T18:52:11.058+0000] {python.py:240} INFO - Done. Returned value was: None
[2025-04-09T18:52:11.070+0000] {taskinstance.py:341} INFO - ::group::Post task execution logs
[2025-04-09T18:52:11.070+0000] {taskinstance.py:353} INFO - Marking task as SUCCESS. dag_id=Download_Stock_Price, task_id=save_to_database, run_id=scheduled__2025-04-08T18:52:00+00:00, execution_date=20250408T185200, start_date=20250409T185210, end_date=20250409T185211
[2025-04-09T18:52:11.099+0000] {logging_mixin.py:190} INFO - Task instance in success state
[2025-04-09T18:52:11.100+0000] {logging_mixin.py:190} INFO -  Previous state of the Task instance: running
[2025-04-09T18:52:11.100+0000] {logging_mixin.py:190} INFO - Dag name:Download_Stock_Price queued_at:2025-04-09 18:52:00.368502+00:00
[2025-04-09T18:52:11.100+0000] {logging_mixin.py:190} INFO - Task hostname:instance-20250307-222520.us-central1-a.c.esoteric-realm-448604-v0.internal operator:PythonOperator
[2025-04-09T18:52:11.115+0000] {local_task_job_runner.py:266} INFO - Task exited with return code 0
[2025-04-09T18:52:11.144+0000] {taskinstance.py:3901} INFO - 1 downstream tasks scheduled from follow-on schedule check
[2025-04-09T18:52:11.146+0000] {local_task_job_runner.py:245} INFO - ::endgroup::
