[2025-04-09T20:06:18.228+0000] {local_task_job_runner.py:123} INFO - ::group::Pre task execution logs
[2025-04-09T20:06:18.251+0000] {taskinstance.py:2614} INFO - Dependencies all met for dep_context=non-requeueable deps ti=<TaskInstance: Download_Stock_Price.download_price manual__2025-04-09T20:06:14.907700+00:00 [queued]>
[2025-04-09T20:06:18.264+0000] {taskinstance.py:2614} INFO - Dependencies all met for dep_context=requeueable deps ti=<TaskInstance: Download_Stock_Price.download_price manual__2025-04-09T20:06:14.907700+00:00 [queued]>
[2025-04-09T20:06:18.264+0000] {taskinstance.py:2867} INFO - Starting attempt 1 of 2
[2025-04-09T20:06:18.284+0000] {taskinstance.py:2890} INFO - Executing <Task(PythonOperator): download_price> on 2025-04-09 20:06:14.907700+00:00
[2025-04-09T20:06:18.293+0000] {standard_task_runner.py:72} INFO - Started process 52043 to run task
[2025-04-09T20:06:18.300+0000] {standard_task_runner.py:104} INFO - Running: ['airflow', 'tasks', 'run', 'Download_Stock_Price', 'download_price', 'manual__2025-04-09T20:06:14.907700+00:00', '--job-id', '69', '--raw', '--subdir', 'DAGS_FOLDER/download_stock_price.py', '--cfg-path', '/tmp/tmpqvjez724']
[2025-04-09T20:06:18.301+0000] {standard_task_runner.py:105} INFO - Job 69: Subtask download_price
[2025-04-09T20:06:18.369+0000] {task_command.py:467} INFO - Running <TaskInstance: Download_Stock_Price.download_price manual__2025-04-09T20:06:14.907700+00:00 [running]> on host instance-20250307-222520.us-central1-a.c.esoteric-realm-448604-v0.internal
[2025-04-09T20:06:18.459+0000] {taskinstance.py:3134} INFO - Exporting env vars: AIRFLOW_CTX_DAG_EMAIL='airflow@example.com' AIRFLOW_CTX_DAG_OWNER='airflow' AIRFLOW_CTX_DAG_ID='Download_Stock_Price' AIRFLOW_CTX_TASK_ID='download_price' AIRFLOW_CTX_EXECUTION_DATE='2025-04-09T20:06:14.907700+00:00' AIRFLOW_CTX_TRY_NUMBER='1' AIRFLOW_CTX_DAG_RUN_ID='manual__2025-04-09T20:06:14.907700+00:00'
[2025-04-09T20:06:18.461+0000] {logging_mixin.py:190} INFO - Task instance is in running state
[2025-04-09T20:06:18.461+0000] {logging_mixin.py:190} INFO -  Previous state of the Task instance: queued
[2025-04-09T20:06:18.461+0000] {logging_mixin.py:190} INFO - Current task name:download_price state:running start_date:2025-04-09 20:06:18.252402+00:00
[2025-04-09T20:06:18.461+0000] {logging_mixin.py:190} INFO - Dag name:Download_Stock_Price and current dag run status:running
[2025-04-09T20:06:18.462+0000] {taskinstance.py:732} INFO - ::endgroup::
[2025-04-09T20:06:18.463+0000] {logging_mixin.py:190} INFO - Execution Date is 2025-04-09, 20250409
[2025-04-09T20:06:18.463+0000] {logging_mixin.py:190} INFO - Next DS: 2025-04-09
[2025-04-09T20:06:18.463+0000] {logging_mixin.py:190} INFO - Yesterday DS: 2025-04-08
[2025-04-09T20:06:18.463+0000] {logging_mixin.py:190} INFO - Tomorrow DS: 2025-04-10
[2025-04-09T20:06:18.921+0000] {logging_mixin.py:190} INFO - Downloaded IBM
[2025-04-09T20:06:19.193+0000] {logging_mixin.py:190} INFO - Downloaded GE
[2025-04-09T20:06:19.360+0000] {logging_mixin.py:190} INFO - Downloaded AAPL
[2025-04-09T20:06:19.453+0000] {logging_mixin.py:190} INFO - Downloaded MSFT
[2025-04-09T20:06:22.533+0000] {history.py:247} ERROR - $FB: possibly delisted; no price data found  (period=1mo) (Yahoo error = "No data found, symbol may be delisted")
[2025-04-09T20:06:22.534+0000] {python.py:240} INFO - Done. Returned value was: ['IBM', 'GE', 'AAPL', 'MSFT']
[2025-04-09T20:06:22.563+0000] {taskinstance.py:341} INFO - ::group::Post task execution logs
[2025-04-09T20:06:22.563+0000] {taskinstance.py:353} INFO - Marking task as SUCCESS. dag_id=Download_Stock_Price, task_id=download_price, run_id=manual__2025-04-09T20:06:14.907700+00:00, execution_date=20250409T200614, start_date=20250409T200618, end_date=20250409T200622
[2025-04-09T20:06:22.592+0000] {logging_mixin.py:190} INFO - Task instance in success state
[2025-04-09T20:06:22.593+0000] {logging_mixin.py:190} INFO -  Previous state of the Task instance: running
[2025-04-09T20:06:22.593+0000] {logging_mixin.py:190} INFO - Dag name:Download_Stock_Price queued_at:2025-04-09 20:06:14.956584+00:00
[2025-04-09T20:06:22.593+0000] {logging_mixin.py:190} INFO - Task hostname:instance-20250307-222520.us-central1-a.c.esoteric-realm-448604-v0.internal operator:PythonOperator
[2025-04-09T20:06:22.608+0000] {local_task_job_runner.py:266} INFO - Task exited with return code 0
[2025-04-09T20:06:22.648+0000] {taskinstance.py:3901} INFO - 1 downstream tasks scheduled from follow-on schedule check
[2025-04-09T20:06:22.651+0000] {local_task_job_runner.py:245} INFO - ::endgroup::
